Scanning file...71880 train, 0 dev, 0 test, reading...done
optimizing with lambda = 0
it 1   dw 7.329e-01 pp 1.84708e+00 er 0.44590
it 2   dw 1.497e+00 pp 1.41603e+00 er 0.44590
it 3   dw 3.337e-01 pp 1.32883e+00 er 0.44590
it 4   dw 4.709e-01 pp 1.25900e+00 er 0.43392
it 5   dw 6.277e-01 pp 1.19167e+00 er 0.41715
it 6   dw 5.057e-01 pp 1.16083e+00 er 0.41756
it 7   dw 1.307e+00 pp 1.14200e+00 er 0.41555
it 8   dw 2.012e+00 pp 1.13787e+00 er 0.41757
it 9   dw 8.997e-01 pp 1.12548e+00 er 0.41116
it 10  dw 6.533e-01 pp 1.11494e+00 er 0.39957
it 11  dw 1.214e+00 pp 1.10528e+00 er 0.39588
it 12  dw 1.272e+00 pp 1.10257e+00 er 0.39414
it 13  dw 1.021e+00 pp 1.10244e+00 er 0.39247
it 14  dw 1.796e+00 pp 1.09401e+00 er 0.37805
it 15  dw 4.390e+00 pp 1.07973e+00 er 0.37115
it 16  dw 2.625e+00 pp 1.07331e+00 er 0.37429
it 17  dw 1.821e+00 pp 1.06952e+00 er 0.37359
it 18  dw 4.343e-01 pp 1.06822e+00 er 0.37499
it 19  dw 1.188e+00 pp 1.06685e+00 er 0.37219
it 20  dw 7.846e-01 pp 1.06605e+00 er 0.37041
it 21  dw 3.127e-01 pp 1.06284e+00 er 0.37545
it 22  dw 4.537e-01 pp 1.05558e+00 er 0.37660
it 23  dw 1.892e+00 pp 1.05082e+00 er 0.37321
it 24  dw 0.000e+00 pp 1.05082e+00 er 0.37321
-------------------------
it 1 dw 1.104e-01 pp 1.04731e+00 er 0.37372
it 2   dw 2.357e-02 pp 1.04520e+00 er 0.37332
it 3   dw 8.175e-02 pp 1.04134e+00 er 0.37453
it 4   dw 2.055e-01 pp 1.03681e+00 er 0.36970
it 5   dw 5.453e-01 pp 1.02715e+00 er 0.36491
it 6   dw 3.305e+00 pp 1.00199e+00 er 0.35576
it 7   dw 7.059e-01 pp 9.95811e-01 er 0.36377
it 8   dw 2.902e+00 pp 9.90276e-01 er 0.35992
it 9   dw 6.142e-01 pp 9.90222e-01 er 0.36023
it 10  dw 7.163e-01 pp 9.82009e-01 er 0.35856
it 11  dw 2.084e+00 pp 9.76507e-01 er 0.35995
it 12  dw 2.979e+00 pp 9.69023e-01 er 0.35971
it 13  dw 9.835e-01 pp 9.66662e-01 er 0.35939
it 14  dw 4.270e+00 pp 9.63209e-01 er 0.35744
it 15  dw 2.326e+00 pp 9.62747e-01 er 0.35876
it 16  dw 1.983e+00 pp 9.60833e-01 er 0.34585
it 17  dw 1.784e+00 pp 9.58965e-01 er 0.34804
it 18  dw 2.793e+00 pp 9.55718e-01 er 0.35064
it 19  dw 8.408e-01 pp 9.55497e-01 er 0.34676
it 20  dw 5.866e-01 pp 9.47774e-01 er 0.34385
it 21  dw 5.272e-01 pp 9.44173e-01 er 0.34889
it 22  dw 1.357e-01 pp 9.43614e-01 er 0.34613
it 23  dw 4.893e-01 pp 9.41353e-01 er 0.34730
it 24  dw 1.615e-01 pp 9.40050e-01 er 0.34800
it 25  dw 7.090e-01 pp 9.38753e-01 er 0.34706
it 26  dw 1.897e-01 pp 9.34735e-01 er 0.34469
it 27  dw 1.442e+00 pp 9.34478e-01 er 0.35153
it 28  dw 5.162e-01 pp 9.27957e-01 er 0.34169
it 29  dw 1.471e+00 pp 9.25710e-01 er 0.34320
it 30  dw 3.020e-01 pp 9.23673e-01 er 0.34334
it 31  dw 1.075e+00 pp 9.23524e-01 er 0.34122
it 32  dw 2.749e-01 pp 9.22508e-01 er 0.33858
it 33  dw 9.390e-02 pp 9.20590e-01 er 0.33306
it 34  dw 1.199e-01 pp 9.19476e-01 er 0.33286
it 35  dw 2.881e-01 pp 9.17274e-01 er 0.33063
it 36  dw 4.506e-01 pp 9.12908e-01 er 0.33123
it 37  dw 2.253e+00 pp 9.09108e-01 er 0.34176
it 38  dw 1.316e+00 pp 8.98172e-01 er 0.33545
it 39  dw 9.297e-01 pp 8.95419e-01 er 0.33047
it 40  dw 2.036e+00 pp 8.91576e-01 er 0.33123
it 41  dw 2.490e-01 pp 8.91421e-01 er 0.32919
it 42  dw 0.000e+00 pp 8.91421e-01 er 0.32919
-------------------------
it 1 dw 5.937e-02 pp 8.90271e-01 er 0.33187
it 2   dw 2.154e-02 pp 8.89533e-01 er 0.33126
it 3   dw 1.291e-01 pp 8.87877e-01 er 0.32663
it 4   dw 6.178e-02 pp 8.86765e-01 er 0.32435
it 5   dw 2.657e-01 pp 8.84453e-01 er 0.32753
it 6   dw 1.236e-01 pp 8.81768e-01 er 0.32806
it 7   dw 7.867e-02 pp 8.81112e-01 er 0.32846
it 8   dw 0.000e+00 pp 8.81112e-01 er 0.32846
-------------------------
it 1 dw 1.293e-01 pp 8.78374e-01 er 0.31903
it 2   dw 1.043e-01 pp 8.76152e-01 er 0.32269
it 3   dw 5.618e-02 pp 8.75630e-01 er 0.32129
it 4   dw 1.513e-01 pp 8.71891e-01 er 0.32230
it 5   dw 6.299e-01 pp 8.71249e-01 er 0.32027
it 6   dw 1.132e-01 pp 8.68488e-01 er 0.31906
it 7   dw 8.917e-01 pp 8.67794e-01 er 0.32127
it 8   dw 5.285e-01 pp 8.61467e-01 er 0.31971
it 9   dw 4.557e-01 pp 8.58279e-01 er 0.31807
it 10  dw 2.587e-01 pp 8.56293e-01 er 0.31914
it 11  dw 7.748e-01 pp 8.54070e-01 er 0.31724
it 12  dw 3.651e-01 pp 8.52416e-01 er 0.31329
it 13  dw 2.691e-01 pp 8.49659e-01 er 0.31533
it 14  dw 1.984e-01 pp 8.46149e-01 er 0.31329
it 15  dw 1.950e-01 pp 8.45642e-01 er 0.31145
it 16  dw 4.015e-01 pp 8.42094e-01 er 0.30835
it 17  dw 1.083e+00 pp 8.41559e-01 er 0.31219
it 18  dw 4.950e-01 pp 8.41272e-01 er 0.31241
it 19  dw 0.000e+00 pp 8.41272e-01 er 0.31241
-------------------------
it 1 dw 6.225e-02 pp 8.40133e-01 er 0.31152
it 2   dw 2.242e-02 pp 8.39449e-01 er 0.31194
it 3   dw 1.491e-01 pp 8.37772e-01 er 0.31020
it 4   dw 1.598e-01 pp 8.36829e-01 er 0.30363
it 5   dw 6.123e-02 pp 8.35343e-01 er 0.30701
it 6   dw 1.619e-01 pp 8.34957e-01 er 0.30754
it 7   dw 5.366e-02 pp 8.34888e-01 er 0.30917
it 8   dw 5.745e-02 pp 8.34359e-01 er 0.29917
it 9   dw 1.867e-02 pp 8.34272e-01 er 0.30147
it 10  dw 0.000e+00 pp 8.34272e-01 er 0.30147
-------------------------
it 1 dw 5.043e-02 pp 8.33208e-01 er 0.31035
it 2   dw 2.841e-02 pp 8.32422e-01 er 0.30915
it 3   dw 1.104e-01 pp 8.31768e-01 er 0.30072
it 4   dw 2.091e-02 pp 8.30942e-01 er 0.30412
it 5   dw 7.801e-02 pp 8.29826e-01 er 0.30806
it 6   dw 6.721e-02 pp 8.29227e-01 er 0.30740
it 7   dw 1.876e-01 pp 8.27549e-01 er 0.30483
it 8   dw 4.341e-01 pp 8.25028e-01 er 0.30299
it 9   dw 7.553e-01 pp 8.24406e-01 er 0.29994
it 10  dw 5.778e-01 pp 8.22892e-01 er 0.29375
it 11  dw 9.923e-01 pp 8.17497e-01 er 0.29519
it 12  dw 1.550e-01 pp 8.17093e-01 er 0.30260
it 13  dw 4.252e-01 pp 8.14729e-01 er 0.29441
it 14  dw 7.987e-01 pp 8.13332e-01 er 0.29602
it 15  dw 0.000e+00 pp 8.13332e-01 er 0.29602
-------------------------
it 1 dw 7.575e-02 pp 8.11893e-01 er 0.30459
it 2   dw 6.085e-02 pp 8.10360e-01 er 0.29844
it 3   dw 1.190e-01 pp 8.09360e-01 er 0.29865
it 4   dw 9.467e-02 pp 8.08322e-01 er 0.29538
it 5   dw 1.548e-01 pp 8.07974e-01 er 0.29679
it 6   dw 1.720e-01 pp 8.07278e-01 er 0.29656
it 7   dw 1.095e-01 pp 8.07156e-01 er 0.28083
it 8   dw 2.357e-01 pp 8.04922e-01 er 0.28998
it 9   dw 6.116e-02 pp 8.03464e-01 er 0.28983
it 10  dw 2.582e-01 pp 8.02963e-01 er 0.29412
it 11  dw 0.000e+00 pp 8.02963e-01 er 0.29412
-------------------------
it 1 dw 5.377e-02 pp 8.01689e-01 er 0.28895
it 2   dw 2.222e-02 pp 8.01053e-01 er 0.29043
it 3   dw 1.658e-01 pp 7.99696e-01 er 0.28827
it 4   dw 7.766e-02 pp 7.98439e-01 er 0.29053
it 5   dw 1.362e-01 pp 7.97584e-01 er 0.29124
it 6   dw 1.107e-01 pp 7.96503e-01 er 0.29356
it 7   dw 2.259e-01 pp 7.94880e-01 er 0.29382
it 8   dw 2.016e-01 pp 7.94640e-01 er 0.28863
it 9   dw 9.178e-02 pp 7.94588e-01 er 0.28937
it 10  dw 0.000e+00 pp 7.94588e-01 er 0.28937
-------------------------
it 1 dw 6.802e-02 pp 7.93256e-01 er 0.28197
it 2   dw 5.722e-02 pp 7.91907e-01 er 0.28506
it 3   dw 1.277e-01 pp 7.90720e-01 er 0.28673
it 4   dw 1.472e-01 pp 7.89047e-01 er 0.28637
it 5   dw 2.826e-01 pp 7.88473e-01 er 0.28779
it 6   dw 8.441e-02 pp 7.86890e-01 er 0.28941
it 7   dw 7.106e-02 pp 7.85281e-01 er 0.28759
it 8   dw 1.932e-01 pp 7.83721e-01 er 0.27675
it 9   dw 9.627e-02 pp 7.82612e-01 er 0.28015
it 10  dw 1.001e-01 pp 7.82049e-01 er 0.28066
it 11  dw 2.560e-01 pp 7.80359e-01 er 0.27986
it 12  dw 7.990e-01 pp 7.78957e-01 er 0.28066
it 13  dw 2.137e-02 pp 7.78953e-01 er 0.28065
it 14  dw 3.352e-01 pp 7.78589e-01 er 0.27859
it 15  dw 3.291e-01 pp 7.78526e-01 er 0.28162
it 16  dw 2.084e-02 pp 7.78526e-01 er 0.28165
it 17  dw 2.097e-01 pp 7.78485e-01 er 0.28201
it 18  dw 6.442e-02 pp 7.78461e-01 er 0.28201
it 19  dw 3.911e-01 pp 7.77280e-01 er 0.27696
it 20  dw 3.659e-01 pp 7.76736e-01 er 0.27844
it 21  dw 2.831e-01 pp 7.76296e-01 er 0.28125
it 22  dw 1.969e-01 pp 7.74845e-01 er 0.27752
it 23  dw 4.869e-01 pp 7.73175e-01 er 0.27980
it 24  dw 3.646e-01 pp 7.72211e-01 er 0.27737
it 25  dw 2.636e-01 pp 7.71454e-01 er 0.27414
it 26  dw 2.506e-01 pp 7.71045e-01 er 0.27326
it 27  dw 1.882e-01 pp 7.70715e-01 er 0.27717
it 28  dw 8.930e-02 pp 7.70277e-01 er 0.27467
it 29  dw 3.166e-01 pp 7.69142e-01 er 0.27899
it 30  dw 3.571e-01 pp 7.68053e-01 er 0.27919
it 31  dw 2.639e-01 pp 7.67374e-01 er 0.27467
it 32  dw 2.676e-01 pp 7.66319e-01 er 0.27545
it 33  dw 1.830e-01 pp 7.66130e-01 er 0.27737
it 34  dw 1.959e-01 pp 7.66033e-01 er 0.27543
it 35  dw 5.420e-01 pp 7.65817e-01 er 0.27951
it 36  dw 7.037e-02 pp 7.64409e-01 er 0.27657
it 37  dw 3.225e-01 pp 7.63384e-01 er 0.27368
it 38  dw 8.656e-01 pp 7.62695e-01 er 0.27435
it 39  dw 0.000e+00 pp 7.62695e-01 er 0.27435
-------------------------
it 1 dw 3.686e-02 pp 7.62143e-01 er 0.27083
it 2   dw 2.942e-02 pp 7.61604e-01 er 0.27236
it 3   dw 2.462e-01 pp 7.60365e-01 er 0.27401
it 4   dw 3.209e-01 pp 7.59206e-01 er 0.27297
it 5   dw 8.783e-01 pp 7.58249e-01 er 0.27625
it 6   dw 4.896e-01 pp 7.57486e-01 er 0.27380
it 7   dw 1.729e-01 pp 7.57032e-01 er 0.26953
it 8   dw 8.910e-02 pp 7.57029e-01 er 0.26960
it 9   dw 5.541e-01 pp 7.56885e-01 er 0.27237
it 10  dw 4.682e-01 pp 7.55253e-01 er 0.27251
it 11  dw 1.589e+00 pp 7.47557e-01 er 0.27426
it 12  dw 1.259e+00 pp 7.44219e-01 er 0.25680
it 13  dw 6.708e-01 pp 7.42659e-01 er 0.25659
it 14  dw 6.712e-01 pp 7.40194e-01 er 0.24784
it 15  dw 4.370e-01 pp 7.36125e-01 er 0.25794
it 16  dw 1.301e+00 pp 7.32979e-01 er 0.25726
it 17  dw 3.572e-01 pp 7.32491e-01 er 0.25786
it 18  dw 7.615e-01 pp 7.31522e-01 er 0.25269
it 19  dw 4.082e-01 pp 7.30895e-01 er 0.25639
it 20  dw 1.072e+00 pp 7.30048e-01 er 0.25995
it 21  dw 7.051e-02 pp 7.29840e-01 er 0.25559
it 22  dw 0.000e+00 pp 7.29840e-01 er 0.25559
