Scanning file...71880 train, 0 dev, 0 test, reading...done
optimizing with lambda = 0
it 1   dw 7.636e-01 pp 1.86925e+00 er 0.44590
it 2   dw 1.774e+00 pp 1.44856e+00 er 0.44590
it 3   dw 3.457e-01 pp 1.35322e+00 er 0.44590
it 4   dw 3.001e-01 pp 1.30948e+00 er 0.44590
it 5   dw 3.435e-01 pp 1.27785e+00 er 0.44590
it 6   dw 5.604e-01 pp 1.24887e+00 er 0.41875
it 7   dw 5.257e-01 pp 1.23528e+00 er 0.41875
it 8   dw 6.195e-01 pp 1.22352e+00 er 0.41875
it 9   dw 4.681e-01 pp 1.22108e+00 er 0.41875
it 10  dw 4.112e-01 pp 1.21976e+00 er 0.41875
it 11  dw 8.204e-01 pp 1.21906e+00 er 0.41875
it 12  dw 1.193e-01 pp 1.21800e+00 er 0.41875
it 13  dw 4.375e-02 pp 1.21735e+00 er 0.41875
it 14  dw 2.162e+00 pp 1.21135e+00 er 0.41875
it 15  dw 5.596e-01 pp 1.20936e+00 er 0.41875
it 16  dw 9.184e-01 pp 1.20848e+00 er 0.41875
it 17  dw 6.771e-01 pp 1.20810e+00 er 0.41875
it 18  dw 2.518e-01 pp 1.20773e+00 er 0.41875
it 19  dw 2.308e-02 pp 1.20725e+00 er 0.41875
it 20  dw 1.033e-01 pp 1.20683e+00 er 0.41875
it 21  dw 6.169e-01 pp 1.20549e+00 er 0.41875
it 22  dw 5.310e-01 pp 1.20505e+00 er 0.41875
it 23  dw 8.344e-01 pp 1.20439e+00 er 0.41875
it 24  dw 3.536e-01 pp 1.20406e+00 er 0.41875
it 25  dw 4.252e-01 pp 1.20391e+00 er 0.41875
it 26  dw 3.833e-01 pp 1.20324e+00 er 0.41875
it 27  dw 1.161e-01 pp 1.20316e+00 er 0.41875
it 28  dw 2.785e-01 pp 1.20285e+00 er 0.41875
it 29  dw 4.080e-01 pp 1.20264e+00 er 0.41875
it 30  dw 3.470e-01 pp 1.20249e+00 er 0.41875
it 31  dw 1.067e-01 pp 1.20243e+00 er 0.41875
it 32  dw 2.212e-01 pp 1.20242e+00 er 0.41875
it 33  dw 2.346e-01 pp 1.20232e+00 er 0.41875
it 34  dw 1.216e-01 pp 1.20221e+00 er 0.41875
it 35  dw 3.433e-02 pp 1.20218e+00 er 0.41875
it 36  dw 4.444e-02 pp 1.20217e+00 er 0.41875
it 37  dw 1.880e-02 pp 1.20217e+00 er 0.41875
it 38  dw 2.661e-01 pp 1.20183e+00 er 0.41875
it 39  dw 9.458e-02 pp 1.20147e+00 er 0.41846
it 40  dw 2.101e-01 pp 1.20112e+00 er 0.41846
it 41  dw 4.313e-01 pp 1.20085e+00 er 0.41846
it 42  dw 3.767e-01 pp 1.20068e+00 er 0.41846
it 43  dw 2.601e-01 pp 1.20058e+00 er 0.41846
it 44  dw 2.149e-01 pp 1.20033e+00 er 0.41846
it 45  dw 2.921e-01 pp 1.20031e+00 er 0.41846
it 46  dw 2.943e-01 pp 1.20020e+00 er 0.41846
it 47  dw 2.609e-02 pp 1.20020e+00 er 0.41846
it 48  dw 2.151e-01 pp 1.19998e+00 er 0.41846
it 49  dw 3.052e-01 pp 1.19994e+00 er 0.41846
it 50  dw 2.327e-01 pp 1.19970e+00 er 0.41846
it 51  dw 6.313e-02 pp 1.19956e+00 er 0.41846
it 52  dw 9.048e-02 pp 1.19922e+00 er 0.41846
it 53  dw 1.099e-01 pp 1.19913e+00 er 0.41846
it 54  dw 3.307e-02 pp 1.19913e+00 er 0.41846
it 55  dw 2.406e-01 pp 1.19891e+00 er 0.41846
it 56  dw 1.603e-01 pp 1.19876e+00 er 0.41846
it 57  dw 1.411e-01 pp 1.19867e+00 er 0.41846
it 58  dw 1.109e-01 pp 1.19850e+00 er 0.41846
it 59  dw 0.000e+00 pp 1.19850e+00 er 0.41846
-------------------------
it 1 dw 1.214e-02 pp 1.19844e+00 er 0.41846
it 2   dw 5.042e-03 pp 1.19841e+00 er 0.41846
it 3   dw 1.566e-02 pp 1.19837e+00 er 0.41846
it 4   dw 1.136e-02 pp 1.19834e+00 er 0.41846
it 5   dw 3.101e-03 pp 1.19834e+00 er 0.41846
it 6   dw 4.369e-03 pp 1.19834e+00 er 0.41846
it 7   dw 2.694e-02 pp 1.19829e+00 er 0.41846
it 8   dw 1.118e-02 pp 1.19828e+00 er 0.41846
it 9   dw 2.642e-02 pp 1.19826e+00 er 0.41846
it 10  dw 0.000e+00 pp 1.19826e+00 er 0.41846
-------------------------
it 1 dw 9.755e-03 pp 1.19824e+00 er 0.41846
it 2   dw 4.424e-03 pp 1.19821e+00 er 0.41846
it 3   dw 5.885e-03 pp 1.19819e+00 er 0.41846
it 4   dw 6.477e-03 pp 1.19818e+00 er 0.41846
it 5   dw 1.133e-02 pp 1.19817e+00 er 0.41846
it 6   dw 1.103e-02 pp 1.19814e+00 er 0.41846
it 7   dw 1.150e-01 pp 1.19798e+00 er 0.41846
it 8   dw 1.395e-01 pp 1.19788e+00 er 0.41846
it 9   dw 6.294e-02 pp 1.19783e+00 er 0.41846
it 10  dw 5.832e-02 pp 1.19776e+00 er 0.41846
it 11  dw 4.002e-02 pp 1.19769e+00 er 0.41846
it 12  dw 6.889e-02 pp 1.19766e+00 er 0.41846
it 13  dw 1.793e-01 pp 1.19763e+00 er 0.41846
it 14  dw 1.169e-01 pp 1.19755e+00 er 0.41846
it 15  dw 7.650e-02 pp 1.19752e+00 er 0.41846
it 16  dw 9.910e-02 pp 1.19747e+00 er 0.41846
it 17  dw 4.144e-02 pp 1.19742e+00 er 0.41846
it 18  dw 8.902e-02 pp 1.19737e+00 er 0.41875
it 19  dw 9.026e-02 pp 1.19731e+00 er 0.41846
it 20  dw 6.706e-02 pp 1.19727e+00 er 0.41875
it 21  dw 0.000e+00 pp 1.19727e+00 er 0.41875
-------------------------
it 1 dw 5.316e-03 pp 1.19725e+00 er 0.41875
it 2   dw 1.710e-02 pp 1.19722e+00 er 0.41875
it 3   dw 5.301e-02 pp 1.19721e+00 er 0.41846
it 4   dw 8.259e-03 pp 1.19717e+00 er 0.41846
it 5   dw 4.470e-03 pp 1.19716e+00 er 0.41846
it 6   dw 6.628e-03 pp 1.19714e+00 er 0.41846
it 7   dw 6.233e-02 pp 1.19712e+00 er 0.41846
it 8   dw 3.206e-02 pp 1.19709e+00 er 0.41846
it 9   dw 8.041e-02 pp 1.19704e+00 er 0.41846
it 10  dw 3.113e-02 pp 1.19702e+00 er 0.41846
it 11  dw 2.999e-02 pp 1.19701e+00 er 0.41846
it 12  dw 1.406e-01 pp 1.19699e+00 er 0.41846
it 13  dw 6.733e-02 pp 1.19698e+00 er 0.41846
it 14  dw 9.016e-03 pp 1.19696e+00 er 0.41846
it 15  dw 1.714e-02 pp 1.19695e+00 er 0.41846
it 16  dw 1.023e-01 pp 1.19694e+00 er 0.41846
it 17  dw 5.504e-02 pp 1.19694e+00 er 0.41846
it 18  dw 2.479e-02 pp 1.19692e+00 er 0.41846
it 19  dw 6.427e-02 pp 1.19692e+00 er 0.41846
it 20  dw 5.837e-02 pp 1.19692e+00 er 0.41846
it 21  dw 1.979e-02 pp 1.19691e+00 er 0.41846
it 22  dw 2.305e-02 pp 1.19689e+00 er 0.41846
it 23  dw 2.061e-01 pp 1.19689e+00 er 0.41846
it 24  dw 6.580e-02 pp 1.19688e+00 er 0.41846
it 25  dw 3.234e-02 pp 1.19687e+00 er 0.41846
it 26  dw 6.963e-02 pp 1.19686e+00 er 0.41846
it 27  dw 1.528e-01 pp 1.19684e+00 er 0.41846
it 28  dw 1.425e-01 pp 1.19682e+00 er 0.41846
it 29  dw 1.658e-01 pp 1.19681e+00 er 0.41846
it 30  dw 1.061e-01 pp 1.19679e+00 er 0.41846
it 31  dw 5.620e-02 pp 1.19678e+00 er 0.41846
it 32  dw 8.552e-02 pp 1.19677e+00 er 0.41846
it 33  dw 7.359e-02 pp 1.19676e+00 er 0.41846
it 34  dw 1.778e-01 pp 1.19674e+00 er 0.41846
it 35  dw 8.327e-02 pp 1.19673e+00 er 0.41846
it 36  dw 6.184e-02 pp 1.19672e+00 er 0.41846
it 37  dw 9.853e-02 pp 1.19671e+00 er 0.41846
it 38  dw 7.708e-02 pp 1.19671e+00 er 0.41846
it 39  dw 7.214e-02 pp 1.19670e+00 er 0.41846
it 40  dw 4.294e-02 pp 1.19670e+00 er 0.41846
it 41  dw 3.117e-02 pp 1.19669e+00 er 0.41846
it 42  dw 4.781e-02 pp 1.19669e+00 er 0.41846
it 43  dw 3.716e-02 pp 1.19668e+00 er 0.41846
it 44  dw 6.658e-02 pp 1.19668e+00 er 0.41846
it 45  dw 8.743e-02 pp 1.19667e+00 er 0.41846
it 46  dw 8.059e-02 pp 1.19667e+00 er 0.41846
it 47  dw 2.553e-02 pp 1.19666e+00 er 0.41846
it 48  dw 4.698e-02 pp 1.19666e+00 er 0.41846
it 49  dw 3.854e-02 pp 1.19666e+00 er 0.41846
it 50  dw 8.691e-02 pp 1.19666e+00 er 0.41846
it 51  dw 3.373e-02 pp 1.19665e+00 er 0.41846
it 52  dw 4.922e-02 pp 1.19665e+00 er 0.41846
it 53  dw 1.700e-02 pp 1.19665e+00 er 0.41846
it 54  dw 4.936e-02 pp 1.19665e+00 er 0.41846
it 55  dw 1.708e-02 pp 1.19664e+00 er 0.41846
it 56  dw 3.998e-02 pp 1.19664e+00 er 0.41846
it 57  dw 9.958e-03 pp 1.19663e+00 er 0.41846
it 58  dw 0.000e+00 pp 1.19663e+00 er 0.41846
-------------------------
it 1 dw 5.149e-04 pp 1.19663e+00 er 0.41846
it 2   dw 1.467e-03 pp 1.19663e+00 er 0.41846
it 3   dw 3.561e-03 pp 1.19663e+00 er 0.41846
it 4   dw 5.854e-03 pp 1.19663e+00 er 0.41846
it 5   dw 4.049e-03 pp 1.19663e+00 er 0.41846
it 6   dw 7.470e-02 pp 1.19661e+00 er 0.41846
it 7   dw 1.231e-02 pp 1.19661e+00 er 0.41846
it 8   dw 5.465e-02 pp 1.19660e+00 er 0.41846
it 9   dw 0.000e+00 pp 1.19660e+00 er 0.41846
-------------------------
it 1 dw 4.298e-03 pp 1.19660e+00 er 0.41846
it 2   dw 8.967e-04 pp 1.19660e+00 er 0.41846
it 3   dw 1.705e-03 pp 1.19659e+00 er 0.41846
it 4   dw 2.979e-03 pp 1.19659e+00 er 0.41846
it 5   dw 1.058e-02 pp 1.19659e+00 er 0.41846
it 6   dw 1.336e-02 pp 1.19658e+00 er 0.41846
it 7   dw 6.946e-02 pp 1.19657e+00 er 0.41846
it 8   dw 5.285e-02 pp 1.19657e+00 er 0.41846
it 9   dw 6.657e-03 pp 1.19656e+00 er 0.41846
it 10  dw 1.239e-02 pp 1.19655e+00 er 0.41846
it 11  dw 3.478e-02 pp 1.19655e+00 er 0.41846
it 12  dw 9.617e-03 pp 1.19655e+00 er 0.41846
it 13  dw 1.482e-03 pp 1.19655e+00 er 0.41846
it 14  dw 2.658e-02 pp 1.19654e+00 er 0.41846
it 15  dw 1.120e-01 pp 1.19654e+00 er 0.41846
it 16  dw 3.154e-02 pp 1.19653e+00 er 0.41846
it 17  dw 2.505e-02 pp 1.19652e+00 er 0.41846
it 18  dw 3.840e-02 pp 1.19651e+00 er 0.41846
it 19  dw 5.243e-03 pp 1.19651e+00 er 0.41846
it 20  dw 0.000e+00 pp 1.19651e+00 er 0.41846
-------------------------
it 1 dw 3.228e-03 pp 1.19650e+00 er 0.41846
it 2   dw 8.003e-04 pp 1.19650e+00 er 0.41846
it 3   dw 2.504e-03 pp 1.19650e+00 er 0.41846
it 4   dw 5.922e-03 pp 1.19650e+00 er 0.41846
it 5   dw 1.164e-02 pp 1.19649e+00 er 0.41846
it 6   dw 4.162e-02 pp 1.19648e+00 er 0.41846
it 7   dw 7.282e-02 pp 1.19647e+00 er 0.41846
it 8   dw 2.434e-02 pp 1.19647e+00 er 0.41846
it 9   dw 2.816e-02 pp 1.19647e+00 er 0.41846
it 10  dw 1.782e-02 pp 1.19646e+00 er 0.41846
it 11  dw 1.490e-02 pp 1.19645e+00 er 0.41846
it 12  dw 6.249e-02 pp 1.19644e+00 er 0.41846
it 13  dw 2.156e-01 pp 1.19642e+00 er 0.41846
it 14  dw 1.836e-02 pp 1.19641e+00 er 0.41846
it 15  dw 2.877e-02 pp 1.19641e+00 er 0.41846
it 16  dw 5.571e-02 pp 1.19641e+00 er 0.41846
it 17  dw 1.977e-02 pp 1.19640e+00 er 0.41846
it 18  dw 2.035e-02 pp 1.19640e+00 er 0.41846
it 19  dw 9.616e-02 pp 1.19639e+00 er 0.41846
it 20  dw 4.480e-02 pp 1.19639e+00 er 0.41846
it 21  dw 4.091e-02 pp 1.19638e+00 er 0.41846
it 22  dw 7.205e-02 pp 1.19638e+00 er 0.41846
it 23  dw 3.905e-02 pp 1.19638e+00 er 0.41846
it 24  dw 5.589e-02 pp 1.19637e+00 er 0.41846
it 25  dw 3.064e-02 pp 1.19637e+00 er 0.41846
it 26  dw 4.433e-02 pp 1.19637e+00 er 0.41846
it 27  dw 4.102e-02 pp 1.19637e+00 er 0.41846
it 28  dw 3.064e-02 pp 1.19636e+00 er 0.41846
it 29  dw 3.548e-02 pp 1.19636e+00 er 0.41846
it 30  dw 3.999e-02 pp 1.19636e+00 er 0.41846
it 31  dw 1.663e-02 pp 1.19635e+00 er 0.41846
it 32  dw 8.852e-02 pp 1.19635e+00 er 0.41846
it 33  dw 1.927e-02 pp 1.19635e+00 er 0.41846
it 34  dw 8.401e-03 pp 1.19635e+00 er 0.41846
it 35  dw 2.875e-02 pp 1.19635e+00 er 0.41846
it 36  dw 2.850e-02 pp 1.19635e+00 er 0.41846
it 37  dw 1.238e-02 pp 1.19634e+00 er 0.41846
it 38  dw 4.295e-02 pp 1.19634e+00 er 0.41846
it 39  dw 4.818e-02 pp 1.19634e+00 er 0.41846
it 40  dw 3.828e-02 pp 1.19633e+00 er 0.41846
it 41  dw 3.498e-02 pp 1.19633e+00 er 0.41846
it 42  dw 1.749e-01 pp 1.19630e+00 er 0.41846
it 43  dw 5.478e-02 pp 1.19629e+00 er 0.41846
it 44  dw 9.698e-02 pp 1.19627e+00 er 0.41846
it 45  dw 6.214e-02 pp 1.19626e+00 er 0.41846
it 46  dw 4.070e-02 pp 1.19626e+00 er 0.41846
it 47  dw 1.880e-01 pp 1.19625e+00 er 0.41846
it 48  dw 4.445e-02 pp 1.19623e+00 er 0.41846
it 49  dw 7.339e-02 pp 1.19622e+00 er 0.41846
it 50  dw 3.215e-02 pp 1.19621e+00 er 0.41846
it 51  dw 3.748e-02 pp 1.19621e+00 er 0.41846
it 52  dw 9.777e-02 pp 1.19618e+00 er 0.41846
it 53  dw 7.573e-02 pp 1.19617e+00 er 0.41846
it 54  dw 1.141e-01 pp 1.19617e+00 er 0.41846
it 55  dw 3.837e-02 pp 1.19617e+00 er 0.41846
it 56  dw 8.092e-02 pp 1.19615e+00 er 0.41846
it 57  dw 2.791e-02 pp 1.19615e+00 er 0.41846
it 58  dw 4.774e-02 pp 1.19614e+00 er 0.41846
it 59  dw 4.066e-02 pp 1.19614e+00 er 0.41846
it 60  dw 1.035e-01 pp 1.19614e+00 er 0.41846
it 61  dw 1.927e-02 pp 1.19614e+00 er 0.41846
it 62  dw 1.245e-02 pp 1.19613e+00 er 0.41846
it 63  dw 2.285e-02 pp 1.19613e+00 er 0.41846
it 64  dw 2.300e-02 pp 1.19612e+00 er 0.41846
it 65  dw 2.656e-02 pp 1.19612e+00 er 0.41846
it 66  dw 0.000e+00 pp 1.19612e+00 er 0.41846
-------------------------
it 1 dw 3.496e-03 pp 1.19612e+00 er 0.41846
it 2   dw 9.853e-04 pp 1.19612e+00 er 0.41846
it 3   dw 1.620e-03 pp 1.19612e+00 er 0.41846
it 4   dw 2.847e-03 pp 1.19612e+00 er 0.41846
it 5   dw 5.628e-03 pp 1.19611e+00 er 0.41846
it 6   dw 4.616e-03 pp 1.19611e+00 er 0.41846
it 7   dw 4.022e-03 pp 1.19611e+00 er 0.41846
it 8   dw 0.000e+00 pp 1.19611e+00 er 0.41846
-------------------------
it 1 dw 2.186e-02 pp 1.19611e+00 er 0.41846
it 2   dw 5.944e-03 pp 1.19610e+00 er 0.41846
it 3   dw 2.741e-03 pp 1.19610e+00 er 0.41846
it 4   dw 8.206e-03 pp 1.19609e+00 er 0.41846
it 5   dw 6.894e-03 pp 1.19609e+00 er 0.41846
it 6   dw 9.784e-03 pp 1.19608e+00 er 0.41846
it 7   dw 2.556e-02 pp 1.19607e+00 er 0.41846
it 8   dw 1.226e-02 pp 1.19607e+00 er 0.41846
it 9   dw 8.640e-03 pp 1.19607e+00 er 0.41846
it 10  dw 6.731e-03 pp 1.19607e+00 er 0.41846
it 11  dw 7.842e-03 pp 1.19606e+00 er 0.41846
it 12  dw 1.115e-02 pp 1.19606e+00 er 0.41846
it 13  dw 9.624e-03 pp 1.19606e+00 er 0.41846
it 14  dw 3.531e-02 pp 1.19605e+00 er 0.41846
it 15  dw 1.822e-02 pp 1.19605e+00 er 0.41846
it 16  dw 0.000e+00 pp 1.19605e+00 er 0.41846
-------------------------
it 1 dw 4.069e-03 pp 1.19605e+00 er 0.41846
it 2   dw 1.270e-03 pp 1.19605e+00 er 0.41846
it 3   dw 2.560e-03 pp 1.19604e+00 er 0.41846
it 4   dw 1.959e-03 pp 1.19604e+00 er 0.41846
it 5   dw 0.000e+00 pp 1.19604e+00 er 0.41846
