Scanning file...71880 train, 0 dev, 0 test, reading...done
optimizing with lambda = 0
it 1   dw 6.763e-01 pp 1.80528e+00 er 0.44590
it 2   dw 1.120e+00 pp 1.33003e+00 er 0.44590
it 3   dw 3.206e-01 pp 1.21003e+00 er 0.44254
it 4   dw 7.301e-01 pp 1.04372e+00 er 0.37910
it 5   dw 7.140e-01 pp 9.53821e-01 er 0.30683
it 6   dw 1.633e+00 pp 8.91077e-01 er 0.27691
it 7   dw 1.081e+00 pp 8.33378e-01 er 0.22791
it 8   dw 9.448e-01 pp 7.85858e-01 er 0.21089
it 9   dw 1.238e+00 pp 7.64992e-01 er 0.21223
it 10  dw 3.199e+00 pp 7.54982e-01 er 0.23797
it 11  dw 1.781e+00 pp 7.27013e-01 er 0.21624
it 12  dw 5.115e-01 pp 7.14333e-01 er 0.21217
it 13  dw 4.603e+00 pp 6.85191e-01 er 0.20370
it 14  dw 1.242e+00 pp 6.79729e-01 er 0.20359
it 15  dw 4.167e+00 pp 6.77357e-01 er 0.19808
it 16  dw 7.532e+00 pp 6.65898e-01 er 0.20143
it 17  dw 7.425e-01 pp 6.62324e-01 er 0.18657
it 18  dw 0.000e+00 pp 6.62324e-01 er 0.18657
-------------------------
it 1 dw 4.357e-01 pp 6.58835e-01 er 0.21052
it 2   dw 1.987e-01 pp 6.37482e-01 er 0.18648
it 3   dw 1.185e-01 pp 6.33406e-01 er 0.18183
it 4   dw 7.748e-02 pp 6.30300e-01 er 0.17884
it 5   dw 1.404e-01 pp 6.28883e-01 er 0.17617
it 6   dw 1.041e-01 pp 6.24584e-01 er 0.17449
it 7   dw 2.256e-01 pp 6.11269e-01 er 0.17169
it 8   dw 1.705e+00 pp 6.00093e-01 er 0.16444
it 9   dw 4.492e-01 pp 5.77461e-01 er 0.16384
it 10  dw 2.279e-01 pp 5.73747e-01 er 0.17211
it 11  dw 3.769e-01 pp 5.66482e-01 er 0.18045
it 12  dw 1.767e-01 pp 5.46382e-01 er 0.16681
it 13  dw 2.799e-01 pp 5.42552e-01 er 0.16714
it 14  dw 4.858e-01 pp 5.31890e-01 er 0.15554
it 15  dw 3.936e-01 pp 5.31235e-01 er 0.15908
it 16  dw 5.936e-01 pp 5.16476e-01 er 0.15001
it 17  dw 5.802e-01 pp 5.16012e-01 er 0.15129
it 18  dw 4.530e-01 pp 5.13616e-01 er 0.14730
it 19  dw 5.625e-01 pp 5.08852e-01 er 0.14297
it 20  dw 1.443e+00 pp 4.94542e-01 er 0.14161
it 21  dw 1.144e+00 pp 4.92777e-01 er 0.14371
it 22  dw 5.059e-01 pp 4.80395e-01 er 0.13616
it 23  dw 7.355e-01 pp 4.57768e-01 er 0.12828
it 24  dw 2.106e+00 pp 4.38826e-01 er 0.13240
it 25  dw 7.382e-01 pp 4.33192e-01 er 0.11789
it 26  dw 4.520e-01 pp 4.24214e-01 er 0.12014
it 27  dw 3.114e-01 pp 4.21711e-01 er 0.11852
it 28  dw 1.700e+00 pp 4.09993e-01 er 0.12037
it 29  dw 1.177e+00 pp 4.01884e-01 er 0.12415
it 30  dw 7.380e-01 pp 3.92869e-01 er 0.11113
it 31  dw 1.026e+00 pp 3.89800e-01 er 0.11576
it 32  dw 8.904e-01 pp 3.85588e-01 er 0.11201
it 33  dw 9.559e-01 pp 3.81640e-01 er 0.11020
it 34  dw 3.174e-01 pp 3.79273e-01 er 0.11298
it 35  dw 9.126e-02 pp 3.76659e-01 er 0.11176
it 36  dw 5.755e-01 pp 3.71507e-01 er 0.11125
it 37  dw 1.392e+00 pp 3.67911e-01 er 0.10997
it 38  dw 7.474e-01 pp 3.60990e-01 er 0.10806
it 39  dw 1.862e+00 pp 3.57838e-01 er 0.10563
it 40  dw 6.555e-01 pp 3.56682e-01 er 0.10509
it 41  dw 1.068e+00 pp 3.54719e-01 er 0.10109
it 42  dw 7.829e-01 pp 3.51413e-01 er 0.10214
it 43  dw 1.145e+00 pp 3.50196e-01 er 0.10173
it 44  dw 2.557e+00 pp 3.49788e-01 er 0.10152
it 45  dw 0.000e+00 pp 3.49788e-01 er 0.10152
-------------------------
it 1 dw 3.642e-01 pp 3.43630e-01 er 0.10128
it 2   dw 1.619e-01 pp 3.42038e-01 er 0.09647
it 3   dw 6.645e-02 pp 3.39379e-01 er 0.09718
it 4   dw 4.460e-02 pp 3.38403e-01 er 0.09747
it 5   dw 4.488e-02 pp 3.37572e-01 er 0.09854
it 6   dw 1.281e-01 pp 3.36076e-01 er 0.09864
it 7   dw 9.786e-01 pp 3.33069e-01 er 0.09619
it 8   dw 1.734e-01 pp 3.29944e-01 er 0.09642
it 9   dw 3.487e-01 pp 3.28260e-01 er 0.09594
it 10  dw 8.370e-01 pp 3.24424e-01 er 0.09587
it 11  dw 4.643e-01 pp 3.21239e-01 er 0.09249
it 12  dw 5.044e-01 pp 3.20095e-01 er 0.09292
it 13  dw 3.775e-01 pp 3.18859e-01 er 0.09194
it 14  dw 9.403e-01 pp 3.14821e-01 er 0.09140
it 15  dw 1.034e+00 pp 3.13049e-01 er 0.08954
it 16  dw 2.197e-01 pp 3.13046e-01 er 0.08957
it 17  dw 9.317e-01 pp 3.12936e-01 er 0.08883
it 18  dw 1.581e+00 pp 3.12836e-01 er 0.08797
it 19  dw 2.510e-01 pp 3.11368e-01 er 0.08752
it 20  dw 1.401e+00 pp 3.08782e-01 er 0.08676
it 21  dw 2.630e+00 pp 3.05412e-01 er 0.08676
it 22  dw 9.708e-03 pp 3.05411e-01 er 0.08678
it 23  dw 0.000e+00 pp 3.05411e-01 er 0.08678
-------------------------
it 1 dw 1.964e-01 pp 3.02010e-01 er 0.08596
it 2   dw 1.036e-01 pp 2.98428e-01 er 0.08685
it 3   dw 1.356e-01 pp 2.96624e-01 er 0.08571
it 4   dw 4.612e-01 pp 2.94763e-01 er 0.08536
it 5   dw 5.057e-01 pp 2.91787e-01 er 0.08389
it 6   dw 1.433e+00 pp 2.88554e-01 er 0.08267
it 7   dw 1.086e+00 pp 2.83482e-01 er 0.07986
it 8   dw 5.730e-01 pp 2.82026e-01 er 0.08122
it 9   dw 1.919e-01 pp 2.80575e-01 er 0.07827
it 10  dw 4.974e-01 pp 2.79361e-01 er 0.07873
it 11  dw 3.566e-01 pp 2.77174e-01 er 0.07820
it 12  dw 2.687e-01 pp 2.76423e-01 er 0.07698
it 13  dw 6.587e-01 pp 2.73936e-01 er 0.07660
it 14  dw 8.001e-01 pp 2.70736e-01 er 0.07526
it 15  dw 7.472e+00 pp 2.66445e-01 er 0.07106
it 16  dw 2.758e+00 pp 2.65981e-01 er 0.07115
it 17  dw 2.182e+00 pp 2.65545e-01 er 0.06888
it 18  dw 1.734e+00 pp 2.64072e-01 er 0.06857
it 19  dw 1.676e+00 pp 2.62562e-01 er 0.06850
it 20  dw 0.000e+00 pp 2.62562e-01 er 0.06850
-------------------------
it 1 dw 1.043e-01 pp 2.61314e-01 er 0.06973
it 2   dw 3.884e-02 pp 2.60491e-01 er 0.06924
it 3   dw 1.061e-01 pp 2.59258e-01 er 0.06921
it 4   dw 3.501e-01 pp 2.57212e-01 er 0.06832
it 5   dw 7.131e-01 pp 2.54326e-01 er 0.06784
it 6   dw 4.551e-01 pp 2.52723e-01 er 0.06736
it 7   dw 2.894e-01 pp 2.51894e-01 er 0.06681
it 8   dw 1.141e-01 pp 2.50154e-01 er 0.06739
it 9   dw 2.700e-01 pp 2.50121e-01 er 0.06750
it 10  dw 2.847e-01 pp 2.48951e-01 er 0.06601
it 11  dw 3.857e-01 pp 2.47979e-01 er 0.06682
it 12  dw 1.772e-01 pp 2.47042e-01 er 0.06622
it 13  dw 2.482e+00 pp 2.46123e-01 er 0.06418
it 14  dw 7.783e-01 pp 2.41494e-01 er 0.06572
it 15  dw 2.246e+00 pp 2.38188e-01 er 0.06528
it 16  dw 1.533e+00 pp 2.34887e-01 er 0.06461
it 17  dw 8.904e-01 pp 2.33380e-01 er 0.06497
it 18  dw 2.871e+00 pp 2.31579e-01 er 0.06490
it 19  dw 1.583e+00 pp 2.30658e-01 er 0.06564
it 20  dw 5.153e-01 pp 2.29858e-01 er 0.06494
it 21  dw 8.747e-01 pp 2.29085e-01 er 0.06468
it 22  dw 1.897e-01 pp 2.27835e-01 er 0.06465
it 23  dw 4.199e-01 pp 2.27137e-01 er 0.06436
it 24  dw 5.391e-01 pp 2.26589e-01 er 0.06397
it 25  dw 5.206e-01 pp 2.26023e-01 er 0.06376
it 26  dw 7.763e-01 pp 2.25480e-01 er 0.06507
it 27  dw 8.972e-01 pp 2.23769e-01 er 0.06315
it 28  dw 1.534e-01 pp 2.23099e-01 er 0.06299
it 29  dw 8.313e-01 pp 2.22251e-01 er 0.06252
it 30  dw 1.362e-01 pp 2.22210e-01 er 0.06224
it 31  dw 3.027e-01 pp 2.22145e-01 er 0.06210
it 32  dw 8.050e-01 pp 2.19352e-01 er 0.06223
it 33  dw 4.196e-01 pp 2.16479e-01 er 0.06073
it 34  dw 4.483e-01 pp 2.15551e-01 er 0.06189
it 35  dw 2.050e-01 pp 2.14222e-01 er 0.06092
it 36  dw 2.158e-01 pp 2.14163e-01 er 0.06073
it 37  dw 2.107e-01 pp 2.14040e-01 er 0.06075
it 38  dw 5.768e-01 pp 2.10655e-01 er 0.05934
it 39  dw 1.031e+00 pp 2.08764e-01 er 0.05927
it 40  dw 5.323e-01 pp 2.07049e-01 er 0.05902
it 41  dw 4.991e-01 pp 2.05651e-01 er 0.05867
it 42  dw 2.128e-01 pp 2.05507e-01 er 0.05886
it 43  dw 6.614e-01 pp 2.04915e-01 er 0.05892
it 44  dw 3.841e-01 pp 2.04413e-01 er 0.05812
it 45  dw 3.725e-01 pp 2.04272e-01 er 0.05825
it 46  dw 1.548e-01 pp 2.03683e-01 er 0.05790
it 47  dw 2.960e-01 pp 2.02546e-01 er 0.05736
it 48  dw 1.540e+00 pp 2.00508e-01 er 0.05796
it 49  dw 6.341e+00 pp 1.98556e-01 er 0.05558
it 50  dw 3.944e+00 pp 1.96914e-01 er 0.05650
it 51  dw 1.858e+00 pp 1.96802e-01 er 0.05666
it 52  dw 1.286e+00 pp 1.95965e-01 er 0.05626
it 53  dw 3.839e+00 pp 1.93266e-01 er 0.05502
it 54  dw 6.312e+00 pp 1.93079e-01 er 0.05476
it 55  dw 4.614e+00 pp 1.91603e-01 er 0.05339
it 56  dw 0.000e+00 pp 1.91603e-01 er 0.05339
-------------------------
it 1 dw 9.994e-02 pp 1.90819e-01 er 0.05303
it 2   dw 5.275e-02 pp 1.90271e-01 er 0.05359
it 3   dw 5.473e-02 pp 1.89833e-01 er 0.05383
it 4   dw 1.863e-01 pp 1.88949e-01 er 0.05415
it 5   dw 3.565e-01 pp 1.88187e-01 er 0.05441
it 6   dw 6.875e-01 pp 1.87141e-01 er 0.05306
it 7   dw 2.216e-01 pp 1.86223e-01 er 0.05319
it 8   dw 2.032e-01 pp 1.85956e-01 er 0.05256
it 9   dw 3.937e-01 pp 1.85101e-01 er 0.05269
it 10  dw 3.431e-01 pp 1.84377e-01 er 0.05199
it 11  dw 2.522e-01 pp 1.83727e-01 er 0.05228
it 12  dw 2.736e-01 pp 1.83014e-01 er 0.05216
it 13  dw 2.961e-01 pp 1.82628e-01 er 0.05100
it 14  dw 4.532e-01 pp 1.82142e-01 er 0.05164
it 15  dw 4.860e-01 pp 1.81677e-01 er 0.05184
it 16  dw 4.937e-01 pp 1.81131e-01 er 0.05179
it 17  dw 1.408e+00 pp 1.80776e-01 er 0.05051
it 18  dw 7.466e-01 pp 1.80649e-01 er 0.05070
it 19  dw 6.156e-01 pp 1.80441e-01 er 0.05093
it 20  dw 6.429e-01 pp 1.79924e-01 er 0.05036
it 21  dw 4.064e-01 pp 1.79696e-01 er 0.05068
it 22  dw 3.025e-01 pp 1.79051e-01 er 0.05033
it 23  dw 3.696e+00 pp 1.78503e-01 er 0.05038
it 24  dw 1.843e+00 pp 1.77011e-01 er 0.04932
it 25  dw 2.490e-01 pp 1.76369e-01 er 0.04964
it 26  dw 4.333e-01 pp 1.75918e-01 er 0.04937
it 27  dw 1.053e+00 pp 1.75531e-01 er 0.04866
it 28  dw 5.010e-01 pp 1.75418e-01 er 0.04865
it 29  dw 8.284e-03 pp 1.75418e-01 er 0.04858
it 30  dw 1.797e-01 pp 1.75389e-01 er 0.04875
it 31  dw 5.293e-01 pp 1.75137e-01 er 0.04880
it 32  dw 5.509e-01 pp 1.74607e-01 er 0.04866
it 33  dw 6.330e-01 pp 1.74079e-01 er 0.04844
it 34  dw 3.805e-01 pp 1.73260e-01 er 0.04779
it 35  dw 2.697e+00 pp 1.72013e-01 er 0.04763
it 36  dw 1.779e-01 pp 1.71867e-01 er 0.04757
it 37  dw 9.306e-01 pp 1.71624e-01 er 0.04768
it 38  dw 1.198e+00 pp 1.71248e-01 er 0.04830
it 39  dw 1.108e+00 pp 1.71133e-01 er 0.04695
it 40  dw 1.475e-01 pp 1.71132e-01 er 0.04709
it 41  dw 3.758e-01 pp 1.71130e-01 er 0.04716
it 42  dw 8.645e-01 pp 1.70995e-01 er 0.04679
it 43  dw 7.409e-01 pp 1.70250e-01 er 0.04683
it 44  dw 7.345e-01 pp 1.70225e-01 er 0.04686
it 45  dw 1.730e+00 pp 1.69818e-01 er 0.04725
it 46  dw 9.398e-01 pp 1.69802e-01 er 0.04704
it 47  dw 0.000e+00 pp 1.69802e-01 er 0.04704
-------------------------
it 1 dw 3.593e-02 pp 1.69587e-01 er 0.04665
it 2   dw 1.871e-02 pp 1.69379e-01 er 0.04662
it 3   dw 9.293e-02 pp 1.68959e-01 er 0.04659
it 4   dw 1.694e-01 pp 1.68332e-01 er 0.04644
it 5   dw 4.161e-01 pp 1.67009e-01 er 0.04637
it 6   dw 1.565e-01 pp 1.66668e-01 er 0.04727
it 7   dw 1.464e-01 pp 1.66276e-01 er 0.04620
it 8   dw 8.148e-02 pp 1.65870e-01 er 0.04662
it 9   dw 1.408e-01 pp 1.65557e-01 er 0.04633
it 10  dw 1.640e-01 pp 1.65163e-01 er 0.04651
it 11  dw 3.708e-01 pp 1.64747e-01 er 0.04551
it 12  dw 3.736e-01 pp 1.64588e-01 er 0.04521
it 13  dw 3.693e-01 pp 1.64168e-01 er 0.04546
it 14  dw 2.396e-01 pp 1.64105e-01 er 0.04545
it 15  dw 2.701e-01 pp 1.63866e-01 er 0.04566
it 16  dw 8.147e-01 pp 1.63784e-01 er 0.04587
it 17  dw 0.000e+00 pp 1.63784e-01 er 0.04587
-------------------------
it 1 dw 5.359e-02 pp 1.63622e-01 er 0.04534
it 2   dw 1.358e-02 pp 1.63474e-01 er 0.04520
it 3   dw 4.795e-02 pp 1.63291e-01 er 0.04558
it 4   dw 8.659e-02 pp 1.63118e-01 er 0.04598
it 5   dw 2.521e-01 pp 1.62866e-01 er 0.04620
it 6   dw 1.736e-01 pp 1.62500e-01 er 0.04583
it 7   dw 1.229e+00 pp 1.61740e-01 er 0.04537
it 8   dw 1.270e-01 pp 1.61406e-01 er 0.04503
it 9   dw 6.221e-02 pp 1.60941e-01 er 0.04452
it 10  dw 2.346e-01 pp 1.60368e-01 er 0.04442
it 11  dw 3.642e-01 pp 1.60151e-01 er 0.04446
it 12  dw 4.643e-01 pp 1.59686e-01 er 0.04423
it 13  dw 3.531e-01 pp 1.59214e-01 er 0.04448
it 14  dw 1.781e-01 pp 1.59145e-01 er 0.04427
it 15  dw 1.706e-01 pp 1.58924e-01 er 0.04438
it 16  dw 9.759e-02 pp 1.58717e-01 er 0.04391
it 17  dw 4.712e-01 pp 1.58542e-01 er 0.04416
it 18  dw 6.949e-01 pp 1.58272e-01 er 0.04457
it 19  dw 3.323e-01 pp 1.57536e-01 er 0.04393
it 20  dw 2.792e-01 pp 1.57374e-01 er 0.04343
it 21  dw 7.702e-01 pp 1.56787e-01 er 0.04374
it 22  dw 4.839e-01 pp 1.56396e-01 er 0.04331
it 23  dw 3.204e-01 pp 1.56201e-01 er 0.04304
it 24  dw 1.680e+00 pp 1.55935e-01 er 0.04240
it 25  dw 1.238e+00 pp 1.54552e-01 er 0.04375
it 26  dw 2.500e-01 pp 1.54126e-01 er 0.04246
it 27  dw 3.292e-01 pp 1.53668e-01 er 0.04250
it 28  dw 1.153e+00 pp 1.52815e-01 er 0.04225
it 29  dw 1.910e+01 pp 1.51837e-01 er 0.04057
it 30  dw 4.154e-01 pp 1.50969e-01 er 0.04016
it 31  dw 1.406e+00 pp 1.50577e-01 er 0.04001
it 32  dw 1.583e-01 pp 1.50574e-01 er 0.03998
it 33  dw 5.765e-02 pp 1.50573e-01 er 0.04000
it 34  dw 8.259e-02 pp 1.50572e-01 er 0.03997
it 35  dw 7.218e-01 pp 1.50404e-01 er 0.04019
it 36  dw 1.041e+00 pp 1.49778e-01 er 0.04085
it 37  dw 3.687e-01 pp 1.49743e-01 er 0.04097
it 38  dw 6.199e-01 pp 1.48544e-01 er 0.04040
it 39  dw 1.461e+00 pp 1.48264e-01 er 0.04000
it 40  dw 2.455e-01 pp 1.48252e-01 er 0.04026
it 41  dw 0.000e+00 pp 1.48252e-01 er 0.04026
-------------------------
it 1 dw 9.019e-02 pp 1.47870e-01 er 0.03979
it 2   dw 8.677e-02 pp 1.47444e-01 er 0.03966
it 3   dw 3.325e-01 pp 1.46731e-01 er 0.04005
it 4   dw 5.615e-01 pp 1.46212e-01 er 0.03986
it 5   dw 3.241e-01 pp 1.45837e-01 er 0.04000
it 6   dw 2.167e-01 pp 1.45374e-01 er 0.03900
it 7   dw 6.903e-01 pp 1.45154e-01 er 0.03934
it 8   dw 8.801e-02 pp 1.44989e-01 er 0.03944
it 9   dw 3.196e-01 pp 1.44661e-01 er 0.03918
it 10  dw 5.718e-01 pp 1.44493e-01 er 0.03909
it 11  dw 2.106e-01 pp 1.44120e-01 er 0.03936
it 12  dw 1.335e-01 pp 1.43849e-01 er 0.03950
it 13  dw 2.276e-01 pp 1.43717e-01 er 0.03966
it 14  dw 0.000e+00 pp 1.43717e-01 er 0.03966
-------------------------
it 1 dw 4.489e-02 pp 1.43594e-01 er 0.03982
it 2   dw 1.898e-02 pp 1.43470e-01 er 0.03932
it 3   dw 5.740e-02 pp 1.43344e-01 er 0.03901
it 4   dw 7.375e-02 pp 1.43246e-01 er 0.03855
it 5   dw 2.420e-01 pp 1.43098e-01 er 0.03822
it 6   dw 7.012e-02 pp 1.42970e-01 er 0.03811
it 7   dw 2.487e-01 pp 1.42756e-01 er 0.03823
it 8   dw 4.137e-01 pp 1.42389e-01 er 0.03834
it 9   dw 3.717e-01 pp 1.41509e-01 er 0.03815
it 10  dw 4.007e-01 pp 1.41047e-01 er 0.03816
it 11  dw 1.032e+00 pp 1.40515e-01 er 0.03728
it 12  dw 4.634e-01 pp 1.39685e-01 er 0.03748
it 13  dw 2.356e-01 pp 1.39652e-01 er 0.03753
it 14  dw 6.584e-01 pp 1.39093e-01 er 0.03733
it 15  dw 6.954e-01 pp 1.38670e-01 er 0.03759
it 16  dw 1.059e+00 pp 1.37912e-01 er 0.03710
it 17  dw 9.157e-01 pp 1.37595e-01 er 0.03715
it 18  dw 2.729e-01 pp 1.37587e-01 er 0.03716
it 19  dw 1.803e-01 pp 1.37357e-01 er 0.03678
it 20  dw 2.883e-01 pp 1.36957e-01 er 0.03680
it 21  dw 1.058e+00 pp 1.36559e-01 er 0.03656
it 22  dw 1.759e-01 pp 1.36556e-01 er 0.03659
it 23  dw 0.000e+00 pp 1.36556e-01 er 0.03659
