Scanning file...71880 train, 0 dev, 0 test, reading...done
optimizing with lambda = 0
it 1   dw 8.451e-01 pp 1.91044e+00 er 0.44590
it 2   dw 2.164e+00 pp 1.55166e+00 er 0.44590
it 3   dw 5.570e-01 pp 1.40550e+00 er 0.44590
it 4   dw 3.201e-01 pp 1.37958e+00 er 0.44590
it 5   dw 1.653e-01 pp 1.35356e+00 er 0.44590
it 6   dw 1.248e+00 pp 1.29749e+00 er 0.42769
it 7   dw 1.034e+00 pp 1.27842e+00 er 0.42326
it 8   dw 6.950e-01 pp 1.26027e+00 er 0.42326
it 9   dw 1.259e+00 pp 1.25580e+00 er 0.42326
it 10  dw 0.000e+00 pp 1.25580e+00 er 0.42326
-------------------------
it 1 dw 1.605e-01 pp 1.25089e+00 er 0.42769
it 2   dw 6.320e-02 pp 1.24771e+00 er 0.42769
it 3   dw 4.115e-01 pp 1.24587e+00 er 0.42326
it 4   dw 1.433e-01 pp 1.23800e+00 er 0.42326
it 5   dw 3.176e-01 pp 1.23138e+00 er 0.42326
it 6   dw 3.246e-01 pp 1.22766e+00 er 0.42326
it 7   dw 5.555e-01 pp 1.22606e+00 er 0.42326
it 8   dw 6.783e-01 pp 1.21971e+00 er 0.42326
it 9   dw 7.129e-01 pp 1.21772e+00 er 0.42326
it 10  dw 8.230e-01 pp 1.21556e+00 er 0.42326
it 11  dw 7.507e-01 pp 1.21491e+00 er 0.42326
it 12  dw 2.057e+00 pp 1.21146e+00 er 0.42140
it 13  dw 1.837e-01 pp 1.21083e+00 er 0.42326
it 14  dw 2.162e-01 pp 1.21011e+00 er 0.42140
it 15  dw 7.622e-01 pp 1.20827e+00 er 0.42140
it 16  dw 2.356e-01 pp 1.20159e+00 er 0.41789
it 17  dw 3.755e-01 pp 1.19690e+00 er 0.41693
it 18  dw 4.627e-01 pp 1.19183e+00 er 0.41575
it 19  dw 2.128e+00 pp 1.19064e+00 er 0.41135
it 20  dw 7.551e-01 pp 1.18608e+00 er 0.40889
it 21  dw 2.206e-01 pp 1.18377e+00 er 0.40993
it 22  dw 1.438e-01 pp 1.18305e+00 er 0.40911
it 23  dw 1.960e-01 pp 1.18281e+00 er 0.40863
it 24  dw 7.296e-01 pp 1.18200e+00 er 0.40807
it 25  dw 4.969e-01 pp 1.18040e+00 er 0.40807
it 26  dw 9.206e-01 pp 1.17965e+00 er 0.40807
it 27  dw 7.456e-01 pp 1.17903e+00 er 0.40807
it 28  dw 2.792e-01 pp 1.17780e+00 er 0.40746
it 29  dw 0.000e+00 pp 1.17780e+00 er 0.40746
-------------------------
it 1 dw 6.413e-02 pp 1.17769e+00 er 0.40821
it 2   dw 3.042e-02 pp 1.17728e+00 er 0.40807
it 3   dw 3.394e-02 pp 1.17711e+00 er 0.40768
it 4   dw 1.090e-02 pp 1.17697e+00 er 0.40746
it 5   dw 0.000e+00 pp 1.17697e+00 er 0.40746
-------------------------
it 1 dw 4.860e-02 pp 1.17677e+00 er 0.40801
it 2   dw 1.772e-02 pp 1.17644e+00 er 0.40796
it 3   dw 4.250e-02 pp 1.17622e+00 er 0.40746
it 4   dw 2.064e-02 pp 1.17599e+00 er 0.40746
it 5   dw 4.458e-01 pp 1.17509e+00 er 0.40687
it 6   dw 4.239e-01 pp 1.17407e+00 er 0.40618
it 7   dw 3.713e-01 pp 1.17320e+00 er 0.40618
it 8   dw 1.344e+00 pp 1.17232e+00 er 0.40647
it 9   dw 2.169e+00 pp 1.17147e+00 er 0.40623
it 10  dw 9.210e-01 pp 1.17028e+00 er 0.40415
it 11  dw 1.978e-01 pp 1.16929e+00 er 0.40548
it 12  dw 1.106e+00 pp 1.16738e+00 er 0.40537
it 13  dw 3.767e-02 pp 1.16737e+00 er 0.40537
it 14  dw 4.561e-01 pp 1.16714e+00 er 0.40548
it 15  dw 2.129e-01 pp 1.16608e+00 er 0.40584
it 16  dw 1.866e+00 pp 1.16555e+00 er 0.40410
it 17  dw 1.430e+00 pp 1.16400e+00 er 0.40537
it 18  dw 5.039e-01 pp 1.16299e+00 er 0.40648
it 19  dw 1.063e+00 pp 1.16119e+00 er 0.40639
it 20  dw 2.417e+00 pp 1.15921e+00 er 0.40274
it 21  dw 2.953e+00 pp 1.15884e+00 er 0.40362
it 22  dw 8.606e-01 pp 1.15775e+00 er 0.40396
it 23  dw 9.649e-01 pp 1.15645e+00 er 0.40556
it 24  dw 0.000e+00 pp 1.15645e+00 er 0.40556
-------------------------
it 1 dw 6.958e-02 pp 1.15625e+00 er 0.40351
it 2   dw 3.201e-02 pp 1.15593e+00 er 0.40380
it 3   dw 1.904e-02 pp 1.15585e+00 er 0.40410
it 4   dw 1.135e-02 pp 1.15580e+00 er 0.40477
it 5   dw 4.673e-03 pp 1.15580e+00 er 0.40477
it 6   dw 1.168e-02 pp 1.15579e+00 er 0.40477
it 7   dw 2.046e-02 pp 1.15569e+00 er 0.40477
it 8   dw 1.454e-02 pp 1.15568e+00 er 0.40477
it 9   dw 6.015e-02 pp 1.15567e+00 er 0.40380
it 10  dw 6.558e-02 pp 1.15558e+00 er 0.40380
it 11  dw 2.820e-02 pp 1.15553e+00 er 0.40380
it 12  dw 1.243e-01 pp 1.15537e+00 er 0.40442
it 13  dw 0.000e+00 pp 1.15537e+00 er 0.40442
-------------------------
it 1 dw 4.758e-02 pp 1.15528e+00 er 0.40351
it 2   dw 1.778e-02 pp 1.15501e+00 er 0.40380
it 3   dw 2.380e-02 pp 1.15488e+00 er 0.40380
it 4   dw 1.264e-02 pp 1.15477e+00 er 0.40410
it 5   dw 7.774e-02 pp 1.15468e+00 er 0.40460
it 6   dw 1.044e-01 pp 1.15458e+00 er 0.40526
it 7   dw 4.364e-02 pp 1.15427e+00 er 0.40460
it 8   dw 0.000e+00 pp 1.15427e+00 er 0.40460
-------------------------
it 1 dw 7.317e-02 pp 1.15426e+00 er 0.40351
it 2   dw 3.811e-02 pp 1.15387e+00 er 0.40351
it 3   dw 1.962e-02 pp 1.15379e+00 er 0.40380
it 4   dw 1.164e-02 pp 1.15374e+00 er 0.40385
it 5   dw 7.446e-03 pp 1.15374e+00 er 0.40369
it 6   dw 6.991e-03 pp 1.15371e+00 er 0.40399
it 7   dw 9.073e-03 pp 1.15362e+00 er 0.40369
it 8   dw 0.000e+00 pp 1.15362e+00 er 0.40369
-------------------------
it 1 dw 6.770e-03 pp 1.15357e+00 er 0.40363
it 2   dw 1.903e-02 pp 1.15347e+00 er 0.40334
it 3   dw 1.999e-02 pp 1.15343e+00 er 0.40334
it 4   dw 9.904e-03 pp 1.15339e+00 er 0.40334
it 5   dw 0.000e+00 pp 1.15339e+00 er 0.40334
-------------------------
it 1 dw 3.700e-02 pp 1.15326e+00 er 0.40369
it 2   dw 7.893e-03 pp 1.15316e+00 er 0.40363
it 3   dw 2.875e-02 pp 1.15308e+00 er 0.40334
it 4   dw 1.186e-02 pp 1.15296e+00 er 0.40334
it 5   dw 7.605e-01 pp 1.15176e+00 er 0.40335
it 6   dw 2.034e+00 pp 1.15136e+00 er 0.40205
it 7   dw 8.657e-01 pp 1.14922e+00 er 0.40299
it 8   dw 3.458e-01 pp 1.14844e+00 er 0.39923
it 9   dw 5.393e-01 pp 1.14795e+00 er 0.40135
it 10  dw 4.460e-01 pp 1.14766e+00 er 0.40138
it 11  dw 2.551e-01 pp 1.14760e+00 er 0.40138
it 12  dw 7.090e-02 pp 1.14679e+00 er 0.40127
it 13  dw 7.185e-02 pp 1.14676e+00 er 0.40127
it 14  dw 4.086e-01 pp 1.14651e+00 er 0.40168
it 15  dw 1.235e-01 pp 1.14528e+00 er 0.40121
it 16  dw 1.215e-01 pp 1.14430e+00 er 0.40086
it 17  dw 2.881e-01 pp 1.14215e+00 er 0.39994
it 18  dw 7.966e-01 pp 1.14000e+00 er 0.39629
it 19  dw 4.390e-01 pp 1.13904e+00 er 0.39612
it 20  dw 2.165e-01 pp 1.13874e+00 er 0.39708
it 21  dw 5.709e-02 pp 1.13873e+00 er 0.39691
it 22  dw 1.117e-01 pp 1.13861e+00 er 0.39797
it 23  dw 1.129e-01 pp 1.13778e+00 er 0.39697
it 24  dw 2.383e-01 pp 1.13723e+00 er 0.39713
it 25  dw 4.733e-01 pp 1.13651e+00 er 0.39661
it 26  dw 2.192e-01 pp 1.13630e+00 er 0.39661
it 27  dw 2.220e-01 pp 1.13600e+00 er 0.39649
it 28  dw 6.629e-01 pp 1.13534e+00 er 0.39745
it 29  dw 3.786e-01 pp 1.13435e+00 er 0.39610
it 30  dw 7.215e-01 pp 1.13397e+00 er 0.39644
it 31  dw 9.305e-02 pp 1.13386e+00 er 0.39661
it 32  dw 3.106e-01 pp 1.13380e+00 er 0.39655
it 33  dw 8.112e-02 pp 1.13356e+00 er 0.39583
it 34  dw 1.879e-01 pp 1.13267e+00 er 0.39527
it 35  dw 3.067e-01 pp 1.13239e+00 er 0.39521
it 36  dw 5.110e-01 pp 1.13176e+00 er 0.39587
it 37  dw 3.225e-01 pp 1.13067e+00 er 0.39508
it 38  dw 2.748e-01 pp 1.13017e+00 er 0.39508
it 39  dw 7.820e-01 pp 1.12985e+00 er 0.39526
it 40  dw 3.841e-02 pp 1.12985e+00 er 0.39540
it 41  dw 0.000e+00 pp 1.12985e+00 er 0.39540
-------------------------
it 1 dw 6.923e-02 pp 1.12940e+00 er 0.39467
it 2   dw 1.976e-02 pp 1.12917e+00 er 0.39495
it 3   dw 1.623e-02 pp 1.12904e+00 er 0.39508
it 4   dw 2.425e-02 pp 1.12893e+00 er 0.39513
it 5   dw 3.189e-02 pp 1.12886e+00 er 0.39538
it 6   dw 3.638e-02 pp 1.12863e+00 er 0.39524
it 7   dw 4.083e-01 pp 1.12785e+00 er 0.39508
it 8   dw 1.191e-01 pp 1.12727e+00 er 0.39495
it 9   dw 9.537e-02 pp 1.12703e+00 er 0.39478
it 10  dw 2.261e-01 pp 1.12682e+00 er 0.39478
it 11  dw 6.423e-02 pp 1.12653e+00 er 0.39478
it 12  dw 1.325e-01 pp 1.12647e+00 er 0.39284
it 13  dw 1.852e-01 pp 1.12619e+00 er 0.39366
it 14  dw 1.312e-01 pp 1.12552e+00 er 0.39381
it 15  dw 2.479e-01 pp 1.12521e+00 er 0.39354
it 16  dw 7.182e-01 pp 1.12490e+00 er 0.39367
it 17  dw 7.360e-02 pp 1.12450e+00 er 0.39368
it 18  dw 2.518e-01 pp 1.12394e+00 er 0.39348
it 19  dw 4.382e-01 pp 1.12381e+00 er 0.39302
it 20  dw 5.363e-01 pp 1.12115e+00 er 0.39243
it 21  dw 3.341e-01 pp 1.11981e+00 er 0.39142
it 22  dw 0.000e+00 pp 1.11981e+00 er 0.39142
