Scanning file...71880 train, 0 dev, 0 test, reading...done
optimizing with lambda = 0
it 1   dw 7.350e-01 pp 1.84929e+00 er 0.44590
it 2   dw 1.488e+00 pp 1.42981e+00 er 0.44590
it 3   dw 3.294e-01 pp 1.34934e+00 er 0.44590
it 4   dw 4.191e-01 pp 1.29117e+00 er 0.44590
it 5   dw 5.385e-01 pp 1.23820e+00 er 0.42532
it 6   dw 4.691e-01 pp 1.21858e+00 er 0.41875
it 7   dw 7.864e-01 pp 1.21486e+00 er 0.41875
it 8   dw 4.523e-01 pp 1.20412e+00 er 0.41875
it 9   dw 3.389e-01 pp 1.20162e+00 er 0.41756
it 10  dw 2.149e-01 pp 1.20064e+00 er 0.41756
it 11  dw 4.040e-01 pp 1.19888e+00 er 0.41756
it 12  dw 8.078e-01 pp 1.19793e+00 er 0.41433
it 13  dw 3.908e-01 pp 1.19626e+00 er 0.41433
it 14  dw 7.181e-01 pp 1.19557e+00 er 0.41313
it 15  dw 1.045e+00 pp 1.19548e+00 er 0.41313
it 16  dw 7.872e-01 pp 1.19239e+00 er 0.41313
it 17  dw 4.265e+00 pp 1.18277e+00 er 0.41284
it 18  dw 5.355e-01 pp 1.18079e+00 er 0.41252
it 19  dw 9.616e-01 pp 1.17504e+00 er 0.40997
it 20  dw 4.429e-01 pp 1.17417e+00 er 0.40984
it 21  dw 6.762e-02 pp 1.17412e+00 er 0.40793
it 22  dw 0.000e+00 pp 1.17412e+00 er 0.40793
-------------------------
it 1 dw 6.811e-02 pp 1.17346e+00 er 0.40902
it 2   dw 1.532e-02 pp 1.17299e+00 er 0.40902
it 3   dw 2.667e-02 pp 1.17272e+00 er 0.40942
it 4   dw 1.946e-02 pp 1.17252e+00 er 0.40789
it 5   dw 3.329e-02 pp 1.17237e+00 er 0.40861
it 6   dw 3.049e-02 pp 1.17207e+00 er 0.40842
it 7   dw 6.519e-02 pp 1.17066e+00 er 0.40819
it 8   dw 2.295e-01 pp 1.16944e+00 er 0.40929
it 9   dw 1.274e-01 pp 1.16881e+00 er 0.40742
it 10  dw 2.057e-01 pp 1.16793e+00 er 0.40940
it 11  dw 1.680e-01 pp 1.16731e+00 er 0.40888
it 12  dw 1.027e-01 pp 1.16651e+00 er 0.40765
it 13  dw 7.620e-02 pp 1.16593e+00 er 0.40771
it 14  dw 4.662e-02 pp 1.16546e+00 er 0.40750
it 15  dw 2.618e-02 pp 1.16539e+00 er 0.40696
it 16  dw 1.419e-02 pp 1.16537e+00 er 0.40730
it 17  dw 2.541e-02 pp 1.16537e+00 er 0.40716
it 18  dw 2.583e-02 pp 1.16485e+00 er 0.40697
it 19  dw 2.986e-01 pp 1.16355e+00 er 0.40632
it 20  dw 2.064e-01 pp 1.16227e+00 er 0.40846
it 21  dw 1.386e-01 pp 1.16197e+00 er 0.40803
it 22  dw 9.126e-02 pp 1.16173e+00 er 0.40888
it 23  dw 6.020e-02 pp 1.16172e+00 er 0.40875
it 24  dw 2.026e-01 pp 1.16147e+00 er 0.40812
it 25  dw 1.470e-01 pp 1.16049e+00 er 0.40722
it 26  dw 3.289e-01 pp 1.15963e+00 er 0.40789
it 27  dw 3.776e-01 pp 1.15833e+00 er 0.40620
it 28  dw 4.605e-01 pp 1.15719e+00 er 0.40737
it 29  dw 8.131e-02 pp 1.15717e+00 er 0.40726
it 30  dw 5.346e-01 pp 1.15704e+00 er 0.40608
it 31  dw 2.444e-01 pp 1.15567e+00 er 0.40710
it 32  dw 2.515e-01 pp 1.15462e+00 er 0.40519
it 33  dw 5.580e-01 pp 1.15410e+00 er 0.40387
it 34  dw 1.739e-01 pp 1.15406e+00 er 0.40394
it 35  dw 1.628e-01 pp 1.15405e+00 er 0.40479
it 36  dw 2.941e-01 pp 1.15290e+00 er 0.40647
it 37  dw 4.599e-01 pp 1.15256e+00 er 0.40441
it 38  dw 1.532e-01 pp 1.15171e+00 er 0.40387
it 39  dw 7.244e-01 pp 1.15156e+00 er 0.40565
it 40  dw 8.448e-01 pp 1.15078e+00 er 0.40381
it 41  dw 4.895e-01 pp 1.15021e+00 er 0.40463
it 42  dw 0.000e+00 pp 1.15021e+00 er 0.40463
-------------------------
it 1 dw 5.533e-02 pp 1.14937e+00 er 0.40495
it 2   dw 4.658e-02 pp 1.14869e+00 er 0.40577
it 3   dw 4.485e-02 pp 1.14832e+00 er 0.40424
it 4   dw 1.589e-01 pp 1.14768e+00 er 0.40469
it 5   dw 0.000e+00 pp 1.14768e+00 er 0.40469
-------------------------
it 1 dw 6.255e-02 pp 1.14734e+00 er 0.40282
it 2   dw 2.570e-02 pp 1.14690e+00 er 0.40291
it 3   dw 2.138e-02 pp 1.14677e+00 er 0.40373
it 4   dw 1.425e-02 pp 1.14668e+00 er 0.40335
it 5   dw 1.640e-02 pp 1.14663e+00 er 0.40275
it 6   dw 1.086e-02 pp 1.14654e+00 er 0.40271
it 7   dw 1.938e-02 pp 1.14623e+00 er 0.40326
it 8   dw 2.081e-01 pp 1.14516e+00 er 0.40156
it 9   dw 5.101e-02 pp 1.14415e+00 er 0.40257
it 10  dw 5.724e-02 pp 1.14403e+00 er 0.40298
it 11  dw 5.707e-02 pp 1.14359e+00 er 0.40278
it 12  dw 5.759e-02 pp 1.14294e+00 er 0.40278
it 13  dw 0.000e+00 pp 1.14294e+00 er 0.40278
-------------------------
it 1 dw 7.235e-02 pp 1.14214e+00 er 0.40114
it 2   dw 5.690e-02 pp 1.14162e+00 er 0.40218
it 3   dw 2.206e-02 pp 1.14134e+00 er 0.40230
it 4   dw 4.229e-02 pp 1.14115e+00 er 0.40196
it 5   dw 5.488e-02 pp 1.14044e+00 er 0.40124
it 6   dw 1.650e-01 pp 1.13977e+00 er 0.40008
it 7   dw 7.476e-02 pp 1.13921e+00 er 0.40015
it 8   dw 5.470e-02 pp 1.13905e+00 er 0.39968
it 9   dw 3.742e-02 pp 1.13887e+00 er 0.39914
it 10  dw 8.696e-02 pp 1.13864e+00 er 0.39964
it 11  dw 3.671e-01 pp 1.13846e+00 er 0.39914
it 12  dw 1.128e-01 pp 1.13775e+00 er 0.39865
it 13  dw 5.700e-02 pp 1.13745e+00 er 0.39814
it 14  dw 7.287e-02 pp 1.13723e+00 er 0.39814
it 15  dw 3.429e-01 pp 1.13710e+00 er 0.39809
it 16  dw 3.309e-01 pp 1.13686e+00 er 0.39795
it 17  dw 5.046e-01 pp 1.13611e+00 er 0.39843
it 18  dw 3.287e-01 pp 1.13506e+00 er 0.39795
it 19  dw 7.871e-01 pp 1.13473e+00 er 0.39925
it 20  dw 2.382e-01 pp 1.13433e+00 er 0.39861
it 21  dw 8.210e-02 pp 1.13408e+00 er 0.39808
it 22  dw 1.680e-03 pp 1.13408e+00 er 0.39808
it 23  dw 1.735e-02 pp 1.13408e+00 er 0.39808
it 24  dw 1.052e-01 pp 1.13407e+00 er 0.39840
it 25  dw 0.000e+00 pp 1.13407e+00 er 0.39840
-------------------------
it 1 dw 2.853e-02 pp 1.13389e+00 er 0.39745
it 2   dw 8.155e-03 pp 1.13376e+00 er 0.39763
it 3   dw 2.550e-02 pp 1.13363e+00 er 0.39805
it 4   dw 1.435e-02 pp 1.13352e+00 er 0.39807
it 5   dw 0.000e+00 pp 1.13352e+00 er 0.39807
-------------------------
it 1 dw 2.757e-02 pp 1.13341e+00 er 0.39744
it 2   dw 8.520e-03 pp 1.13327e+00 er 0.39763
it 3   dw 2.085e-02 pp 1.13316e+00 er 0.39769
it 4   dw 1.175e-02 pp 1.13306e+00 er 0.39768
it 5   dw 2.085e-03 pp 1.13306e+00 er 0.39807
it 6   dw 2.193e-03 pp 1.13306e+00 er 0.39807
it 7   dw 2.371e-02 pp 1.13299e+00 er 0.39750
it 8   dw 1.349e-02 pp 1.13298e+00 er 0.39790
it 9   dw 7.739e-02 pp 1.13291e+00 er 0.39737
it 10  dw 3.527e-02 pp 1.13245e+00 er 0.39790
it 11  dw 1.063e-01 pp 1.13217e+00 er 0.39901
it 12  dw 9.215e-02 pp 1.13213e+00 er 0.39840
it 13  dw 0.000e+00 pp 1.13213e+00 er 0.39840
-------------------------
it 1 dw 4.897e-02 pp 1.13199e+00 er 0.39556
it 2   dw 1.941e-02 pp 1.13158e+00 er 0.39672
it 3   dw 1.387e-02 pp 1.13148e+00 er 0.39688
it 4   dw 6.775e-03 pp 1.13140e+00 er 0.39727
it 5   dw 1.327e-02 pp 1.13133e+00 er 0.39784
it 6   dw 1.867e-02 pp 1.13117e+00 er 0.39776
it 7   dw 5.952e-02 pp 1.13071e+00 er 0.39670
it 8   dw 1.224e-01 pp 1.13038e+00 er 0.39795
it 9   dw 8.524e-02 pp 1.13029e+00 er 0.39737
it 10  dw 1.847e-02 pp 1.13001e+00 er 0.39747
it 11  dw 7.153e-02 pp 1.12959e+00 er 0.39743
it 12  dw 2.824e-01 pp 1.12923e+00 er 0.39736
it 13  dw 1.645e-01 pp 1.12916e+00 er 0.39708
it 14  dw 2.115e-01 pp 1.12909e+00 er 0.39727
it 15  dw 2.622e-01 pp 1.12778e+00 er 0.39655
it 16  dw 1.995e-01 pp 1.12722e+00 er 0.39715
it 17  dw 2.486e-01 pp 1.12708e+00 er 0.39638
it 18  dw 1.215e-01 pp 1.12666e+00 er 0.39530
it 19  dw 7.990e-02 pp 1.12628e+00 er 0.39499
it 20  dw 1.524e-01 pp 1.12609e+00 er 0.39459
it 21  dw 0.000e+00 pp 1.12609e+00 er 0.39459
-------------------------
it 1 dw 3.409e-02 pp 1.12603e+00 er 0.39585
it 2   dw 2.052e-02 pp 1.12560e+00 er 0.39531
it 3   dw 1.936e-02 pp 1.12546e+00 er 0.39464
it 4   dw 1.117e-02 pp 1.12535e+00 er 0.39513
it 5   dw 1.746e-02 pp 1.12532e+00 er 0.39530
it 6   dw 2.103e-02 pp 1.12521e+00 er 0.39523
it 7   dw 1.946e-02 pp 1.12500e+00 er 0.39528
it 8   dw 3.140e-02 pp 1.12487e+00 er 0.39487
it 9   dw 6.903e-02 pp 1.12456e+00 er 0.39488
it 10  dw 1.018e-01 pp 1.12454e+00 er 0.39492
it 11  dw 1.161e-01 pp 1.12368e+00 er 0.39459
it 12  dw 2.101e-02 pp 1.12364e+00 er 0.39485
it 13  dw 0.000e+00 pp 1.12364e+00 er 0.39485
-------------------------
it 1 dw 3.101e-03 pp 1.12359e+00 er 0.39485
it 2   dw 1.831e-02 pp 1.12345e+00 er 0.39506
it 3   dw 7.669e-02 pp 1.12320e+00 er 0.39435
it 4   dw 3.979e-02 pp 1.12282e+00 er 0.39430
it 5   dw 4.224e-02 pp 1.12277e+00 er 0.39480
it 6   dw 6.725e-03 pp 1.12277e+00 er 0.39481
it 7   dw 6.714e-02 pp 1.12262e+00 er 0.39466
it 8   dw 4.765e-02 pp 1.12199e+00 er 0.39413
it 9   dw 5.952e-02 pp 1.12192e+00 er 0.39349
it 10  dw 6.505e-02 pp 1.12182e+00 er 0.39335
it 11  dw 4.844e-02 pp 1.12129e+00 er 0.39338
it 12  dw 1.047e-01 pp 1.12084e+00 er 0.39353
it 13  dw 1.146e-01 pp 1.12021e+00 er 0.39321
it 14  dw 1.514e-01 pp 1.11991e+00 er 0.39332
it 15  dw 7.506e-02 pp 1.11950e+00 er 0.39327
it 16  dw 9.041e-02 pp 1.11917e+00 er 0.39278
it 17  dw 1.013e-01 pp 1.11904e+00 er 0.39272
it 18  dw 8.052e-02 pp 1.11902e+00 er 0.39274
it 19  dw 1.048e-01 pp 1.11888e+00 er 0.39261
it 20  dw 0.000e+00 pp 1.11888e+00 er 0.39261
