Scanning file...71880 train, 0 dev, 0 test, reading...done
optimizing with lambda = 0
it 1   dw 7.880e-01 pp 1.87813e+00 er 0.44590
it 2   dw 1.767e+00 pp 1.42805e+00 er 0.44590
it 3   dw 4.058e-01 pp 1.27867e+00 er 0.44590
it 4   dw 6.540e-01 pp 1.15713e+00 er 0.30070
it 5   dw 3.310e-01 pp 1.08122e+00 er 0.28428
it 6   dw 1.965e+00 pp 9.59595e-01 er 0.28082
it 7   dw 2.599e+00 pp 8.81605e-01 er 0.26151
it 8   dw 3.123e+00 pp 8.48219e-01 er 0.25707
it 9   dw 0.000e+00 pp 8.48219e-01 er 0.25707
-------------------------
it 1 dw 2.615e-01 pp 8.13304e-01 er 0.23529
it 2   dw 6.119e-01 pp 7.76127e-01 er 0.25424
it 3   dw 2.574e-01 pp 7.37067e-01 er 0.22428
it 4   dw 4.243e-01 pp 7.14100e-01 er 0.20608
it 5   dw 5.343e-01 pp 6.92874e-01 er 0.20081
it 6   dw 2.340e+00 pp 6.50776e-01 er 0.18812
it 7   dw 2.053e+00 pp 6.25033e-01 er 0.18020
it 8   dw 1.101e+00 pp 6.18202e-01 er 0.17874
it 9   dw 1.909e+00 pp 6.10723e-01 er 0.17586
it 10  dw 4.943e-01 pp 6.08174e-01 er 0.17426
it 11  dw 7.970e-01 pp 5.99952e-01 er 0.17447
it 12  dw 3.315e+00 pp 5.88767e-01 er 0.18976
it 13  dw 1.246e+00 pp 5.46937e-01 er 0.16305
it 14  dw 2.681e+00 pp 5.32794e-01 er 0.15518
it 15  dw 1.374e+00 pp 5.29142e-01 er 0.16358
it 16  dw 7.976e-01 pp 5.20704e-01 er 0.15239
it 17  dw 3.581e-01 pp 5.16330e-01 er 0.14923
it 18  dw 5.271e+00 pp 4.97324e-01 er 0.14075
it 19  dw 2.103e+01 pp 4.87656e-01 er 0.12344
it 20  dw 5.318e+00 pp 4.76416e-01 er 0.11298
it 21  dw 3.749e+00 pp 4.70343e-01 er 0.11678
it 22  dw 1.895e+00 pp 4.67990e-01 er 0.11476
it 23  dw 2.799e+00 pp 4.63483e-01 er 0.11281
it 24  dw 7.630e+00 pp 4.58042e-01 er 0.11107
it 25  dw 2.428e+01 pp 4.49497e-01 er 0.10338
it 26  dw 1.110e+01 pp 4.47785e-01 er 0.09726
it 27  dw 3.523e+00 pp 4.47663e-01 er 0.09567
it 28  dw 5.542e-01 pp 4.46080e-01 er 0.09629
it 29  dw 2.521e+00 pp 4.38138e-01 er 0.09499
it 30  dw 2.996e+00 pp 4.32060e-01 er 0.09286
it 31  dw 6.318e+00 pp 4.28430e-01 er 0.09014
it 32  dw 9.203e+00 pp 4.25613e-01 er 0.08851
it 33  dw 1.416e+01 pp 4.25177e-01 er 0.09000
it 34  dw 1.153e+00 pp 4.25086e-01 er 0.08990
it 35  dw 0.000e+00 pp 4.25086e-01 er 0.08990
-------------------------
it 1 dw 1.106e-01 pp 4.22630e-01 er 0.08772
it 2   dw 6.095e-02 pp 4.20744e-01 er 0.08755
it 3   dw 2.909e-01 pp 4.17704e-01 er 0.08848
it 4   dw 3.504e-01 pp 4.15683e-01 er 0.08976
it 5   dw 1.306e+00 pp 4.10088e-01 er 0.08862
it 6   dw 0.000e+00 pp 4.10088e-01 er 0.08862
-------------------------
it 1 dw 5.173e-01 pp 4.08159e-01 er 0.08677
it 2   dw 2.231e-01 pp 4.03296e-01 er 0.08788
it 3   dw 7.768e-02 pp 4.02149e-01 er 0.08709
it 4   dw 2.801e-01 pp 3.99877e-01 er 0.08689
it 5   dw 3.665e-01 pp 3.97338e-01 er 0.08474
it 6   dw 1.102e+00 pp 3.92221e-01 er 0.08481
it 7   dw 9.906e-01 pp 3.89790e-01 er 0.08417
it 8   dw 1.985e+00 pp 3.85280e-01 er 0.08400
it 9   dw 7.057e-01 pp 3.83842e-01 er 0.08389
it 10  dw 9.878e-01 pp 3.78796e-01 er 0.08504
it 11  dw 5.359e-01 pp 3.78081e-01 er 0.08457
it 12  dw 3.954e-01 pp 3.73920e-01 er 0.08194
it 13  dw 1.319e+00 pp 3.73080e-01 er 0.08848
it 14  dw 1.411e+00 pp 3.67396e-01 er 0.08179
it 15  dw 9.734e-01 pp 3.64553e-01 er 0.08095
it 16  dw 5.149e-01 pp 3.62801e-01 er 0.08248
it 17  dw 5.333e-01 pp 3.60809e-01 er 0.08250
it 18  dw 4.551e-01 pp 3.56842e-01 er 0.07979
it 19  dw 1.266e+00 pp 3.52781e-01 er 0.08331
it 20  dw 1.686e+00 pp 3.48319e-01 er 0.07572
it 21  dw 2.057e+00 pp 3.44655e-01 er 0.07510
it 22  dw 8.737e-01 pp 3.41101e-01 er 0.07887
it 23  dw 5.869e-01 pp 3.37888e-01 er 0.07759
it 24  dw 6.763e-01 pp 3.35576e-01 er 0.07624
it 25  dw 3.797e+00 pp 3.33227e-01 er 0.07489
it 26  dw 3.560e-01 pp 3.31136e-01 er 0.07186
it 27  dw 2.389e+00 pp 3.27697e-01 er 0.07357
it 28  dw 3.785e-01 pp 3.26479e-01 er 0.07458
it 29  dw 9.182e-01 pp 3.23523e-01 er 0.07461
it 30  dw 3.825e-01 pp 3.18305e-01 er 0.07474
it 31  dw 1.548e+00 pp 3.14879e-01 er 0.07141
it 32  dw 6.123e-01 pp 3.08504e-01 er 0.06964
it 33  dw 3.128e+00 pp 3.05705e-01 er 0.06772
it 34  dw 2.727e+00 pp 2.99541e-01 er 0.06708
it 35  dw 9.752e-01 pp 2.93518e-01 er 0.06924
it 36  dw 1.337e+00 pp 2.91558e-01 er 0.06931
it 37  dw 8.020e-01 pp 2.89162e-01 er 0.06731
it 38  dw 2.633e-01 pp 2.86965e-01 er 0.06835
it 39  dw 6.098e-01 pp 2.85549e-01 er 0.06668
it 40  dw 1.257e+00 pp 2.84785e-01 er 0.06758
it 41  dw 1.749e+00 pp 2.83057e-01 er 0.06630
it 42  dw 4.864e+00 pp 2.81195e-01 er 0.06601
it 43  dw 0.000e+00 pp 2.81195e-01 er 0.06601
-------------------------
it 1 dw 2.337e-01 pp 2.79253e-01 er 0.06782
it 2   dw 1.761e-01 pp 2.77630e-01 er 0.06518
it 3   dw 2.079e-01 pp 2.76480e-01 er 0.06529
it 4   dw 5.262e-01 pp 2.74115e-01 er 0.06329
it 5   dw 0.000e+00 pp 2.74115e-01 er 0.06329
-------------------------
it 1 dw 1.743e-01 pp 2.72450e-01 er 0.06636
it 2   dw 6.983e-02 pp 2.71354e-01 er 0.06555
it 3   dw 1.506e-01 pp 2.70105e-01 er 0.06425
it 4   dw 2.383e-01 pp 2.69156e-01 er 0.06368
it 5   dw 2.705e-01 pp 2.68222e-01 er 0.06373
it 6   dw 6.581e-01 pp 2.65080e-01 er 0.06201
it 7   dw 1.615e+00 pp 2.62517e-01 er 0.06082
it 8   dw 1.547e-01 pp 2.62391e-01 er 0.06048
it 9   dw 6.739e-01 pp 2.62348e-01 er 0.06112
it 10  dw 1.926e-01 pp 2.60569e-01 er 0.06074
it 11  dw 4.502e-01 pp 2.58044e-01 er 0.05849
it 12  dw 5.458e-01 pp 2.56231e-01 er 0.05786
it 13  dw 1.870e+00 pp 2.54644e-01 er 0.05704
it 14  dw 3.016e+00 pp 2.52929e-01 er 0.06018
it 15  dw 1.685e+00 pp 2.52576e-01 er 0.05857
it 16  dw 6.058e+00 pp 2.52411e-01 er 0.05772
it 17  dw 8.996e-01 pp 2.47509e-01 er 0.05787
it 18  dw 1.577e+00 pp 2.44464e-01 er 0.05774
it 19  dw 1.923e+00 pp 2.42434e-01 er 0.05747
it 20  dw 1.301e+00 pp 2.42027e-01 er 0.05704
it 21  dw 4.409e-01 pp 2.42011e-01 er 0.05673
it 22  dw 2.092e+00 pp 2.41372e-01 er 0.05576
it 23  dw 2.000e+00 pp 2.40612e-01 er 0.05794
it 24  dw 0.000e+00 pp 2.40612e-01 er 0.05794
-------------------------
it 1 dw 1.668e-01 pp 2.38591e-01 er 0.05505
it 2   dw 5.924e-02 pp 2.37601e-01 er 0.05512
it 3   dw 3.349e-01 pp 2.34479e-01 er 0.05555
it 4   dw 6.134e-01 pp 2.31214e-01 er 0.05516
it 5   dw 6.410e-01 pp 2.28056e-01 er 0.05341
it 6   dw 1.741e-01 pp 2.26187e-01 er 0.05306
it 7   dw 4.656e-01 pp 2.24757e-01 er 0.05269
it 8   dw 9.115e-01 pp 2.23717e-01 er 0.05680
it 9   dw 6.424e-01 pp 2.22656e-01 er 0.05470
it 10  dw 2.879e-01 pp 2.20987e-01 er 0.05469
it 11  dw 6.539e-01 pp 2.17280e-01 er 0.05358
it 12  dw 6.199e-01 pp 2.14469e-01 er 0.05266
it 13  dw 8.170e-01 pp 2.13125e-01 er 0.05173
it 14  dw 1.127e+00 pp 2.13034e-01 er 0.05170
it 15  dw 2.326e-01 pp 2.12572e-01 er 0.05238
it 16  dw 3.078e-01 pp 2.11446e-01 er 0.05185
it 17  dw 9.938e-01 pp 2.09077e-01 er 0.05035
it 18  dw 0.000e+00 pp 2.09077e-01 er 0.05035
-------------------------
it 1 dw 2.626e-01 pp 2.07130e-01 er 0.05307
it 2   dw 1.224e-01 pp 2.05870e-01 er 0.05195
it 3   dw 9.253e-02 pp 2.05266e-01 er 0.05118
it 4   dw 3.764e-01 pp 2.04836e-01 er 0.05042
it 5   dw 5.876e-02 pp 2.03894e-01 er 0.05095
it 6   dw 2.948e-01 pp 2.02861e-01 er 0.05081
it 7   dw 2.586e+00 pp 2.02696e-01 er 0.05013
it 8   dw 1.114e+00 pp 2.00887e-01 er 0.04862
it 9   dw 4.943e-01 pp 2.00780e-01 er 0.05193
it 10  dw 5.088e-01 pp 1.98771e-01 er 0.05131
it 11  dw 1.825e-01 pp 1.98135e-01 er 0.04893
it 12  dw 1.996e-01 pp 1.97489e-01 er 0.04926
it 13  dw 1.221e-01 pp 1.97017e-01 er 0.04905
it 14  dw 1.310e+00 pp 1.96348e-01 er 0.04893
it 15  dw 2.370e-01 pp 1.96264e-01 er 0.04898
it 16  dw 2.523e-01 pp 1.95622e-01 er 0.04900
it 17  dw 2.507e-01 pp 1.94919e-01 er 0.04773
it 18  dw 1.446e-01 pp 1.94206e-01 er 0.04733
it 19  dw 3.466e-01 pp 1.92633e-01 er 0.04752
it 20  dw 3.526e-01 pp 1.92212e-01 er 0.04636
it 21  dw 0.000e+00 pp 1.92212e-01 er 0.04636
-------------------------
it 1 dw 1.737e-01 pp 1.90647e-01 er 0.04896
it 2   dw 6.808e-02 pp 1.89924e-01 er 0.04807
it 3   dw 6.342e-02 pp 1.89610e-01 er 0.04795
it 4   dw 1.671e-01 pp 1.89279e-01 er 0.04793
it 5   dw 1.034e-01 pp 1.88815e-01 er 0.04794
it 6   dw 8.267e-01 pp 1.87450e-01 er 0.04665
it 7   dw 6.297e-01 pp 1.87445e-01 er 0.04627
it 8   dw 2.977e-01 pp 1.86183e-01 er 0.04647
it 9   dw 1.480e-01 pp 1.85539e-01 er 0.04620
it 10  dw 4.424e-01 pp 1.84711e-01 er 0.04624
it 11  dw 5.456e-01 pp 1.84594e-01 er 0.04745
it 12  dw 1.418e-01 pp 1.83326e-01 er 0.04585
it 13  dw 3.593e-01 pp 1.82322e-01 er 0.04530
it 14  dw 3.727e-01 pp 1.79146e-01 er 0.04423
it 15  dw 1.894e+00 pp 1.76742e-01 er 0.04524
it 16  dw 1.168e+00 pp 1.76567e-01 er 0.04297
it 17  dw 4.787e-01 pp 1.75027e-01 er 0.04253
it 18  dw 1.219e+00 pp 1.72345e-01 er 0.04160
it 19  dw 1.179e+00 pp 1.69109e-01 er 0.04243
it 20  dw 0.000e+00 pp 1.69109e-01 er 0.04243
-------------------------
it 1 dw 3.830e-01 pp 1.68578e-01 er 0.04306
it 2   dw 2.077e-01 pp 1.66320e-01 er 0.04286
it 3   dw 7.643e-02 pp 1.65647e-01 er 0.04254
it 4   dw 1.331e-01 pp 1.65043e-01 er 0.04192
it 5   dw 1.638e-01 pp 1.64693e-01 er 0.04119
it 6   dw 1.688e-01 pp 1.64418e-01 er 0.04151
it 7   dw 2.496e-01 pp 1.64012e-01 er 0.04126
it 8   dw 3.569e-01 pp 1.63786e-01 er 0.04089
it 9   dw 1.287e-01 pp 1.63768e-01 er 0.04085
it 10  dw 4.048e-01 pp 1.63073e-01 er 0.04143
it 11  dw 3.518e-01 pp 1.62331e-01 er 0.04101
it 12  dw 3.274e-01 pp 1.62164e-01 er 0.04092
it 13  dw 8.175e-01 pp 1.61400e-01 er 0.04117
it 14  dw 8.859e-01 pp 1.60976e-01 er 0.04068
it 15  dw 1.010e+00 pp 1.59988e-01 er 0.04039
it 16  dw 4.850e-01 pp 1.59371e-01 er 0.04041
it 17  dw 2.227e-01 pp 1.58921e-01 er 0.04053
it 18  dw 1.004e+00 pp 1.57773e-01 er 0.04082
it 19  dw 3.033e+00 pp 1.57133e-01 er 0.04039
it 20  dw 1.053e+00 pp 1.56743e-01 er 0.03987
it 21  dw 1.682e+00 pp 1.56715e-01 er 0.03961
it 22  dw 1.564e+00 pp 1.56522e-01 er 0.03922
it 23  dw 3.108e-01 pp 1.55995e-01 er 0.03852
it 24  dw 5.622e-01 pp 1.55263e-01 er 0.03930
it 25  dw 2.113e-01 pp 1.55242e-01 er 0.03954
it 26  dw 5.507e-01 pp 1.54702e-01 er 0.03972
it 27  dw 4.415e-01 pp 1.54447e-01 er 0.03898
it 28  dw 6.062e-01 pp 1.54417e-01 er 0.03901
it 29  dw 1.208e+00 pp 1.54255e-01 er 0.03920
it 30  dw 6.005e-01 pp 1.53267e-01 er 0.03933
it 31  dw 3.510e+00 pp 1.52191e-01 er 0.03909
it 32  dw 1.137e+00 pp 1.50437e-01 er 0.03866
it 33  dw 2.288e+00 pp 1.50081e-01 er 0.03893
it 34  dw 8.566e-01 pp 1.49110e-01 er 0.03813
it 35  dw 8.154e-01 pp 1.48786e-01 er 0.03848
it 36  dw 9.679e-01 pp 1.48286e-01 er 0.03866
it 37  dw 1.951e+00 pp 1.48039e-01 er 0.03834
it 38  dw 1.612e+00 pp 1.47855e-01 er 0.03840
it 39  dw 4.821e-01 pp 1.47511e-01 er 0.03851
it 40  dw 3.664e+00 pp 1.47300e-01 er 0.03830
it 41  dw 0.000e+00 pp 1.47300e-01 er 0.03830
