Scanning file...71880 train, 0 dev, 0 test, reading...done
optimizing with lambda = 0
it 1   dw 7.907e-01 pp 1.88038e+00 er 0.44590
it 2   dw 1.759e+00 pp 1.44154e+00 er 0.44590
it 3   dw 4.016e-01 pp 1.29711e+00 er 0.44590
it 4   dw 6.036e-01 pp 1.18278e+00 er 0.31393
it 5   dw 3.329e-01 pp 1.10547e+00 er 0.28723
it 6   dw 2.112e+00 pp 9.73909e-01 er 0.28024
it 7   dw 2.685e+00 pp 8.94572e-01 er 0.25573
it 8   dw 2.682e+00 pp 8.59390e-01 er 0.25833
it 9   dw 0.000e+00 pp 8.59390e-01 er 0.25833
-------------------------
it 1 dw 2.737e-01 pp 8.31655e-01 er 0.23286
it 2   dw 2.219e-01 pp 8.05757e-01 er 0.24011
it 3   dw 4.036e-01 pp 7.85714e-01 er 0.25001
it 4   dw 4.958e-01 pp 7.84186e-01 er 0.25882
it 5   dw 1.777e-01 pp 7.49331e-01 er 0.23386
it 6   dw 4.996e-01 pp 7.07003e-01 er 0.21839
it 7   dw 2.727e+00 pp 6.52636e-01 er 0.19859
it 8   dw 1.579e+00 pp 5.93502e-01 er 0.18116
it 9   dw 8.125e-01 pp 5.77509e-01 er 0.17741
it 10  dw 3.340e+00 pp 5.51176e-01 er 0.17531
it 11  dw 5.491e-01 pp 5.48036e-01 er 0.17184
it 12  dw 9.265e-01 pp 5.44681e-01 er 0.16457
it 13  dw 2.634e+00 pp 5.36272e-01 er 0.16401
it 14  dw 1.538e+00 pp 5.25263e-01 er 0.16866
it 15  dw 6.199e-01 pp 5.19465e-01 er 0.16505
it 16  dw 6.315e-01 pp 5.15834e-01 er 0.16807
it 17  dw 6.393e-01 pp 5.03937e-01 er 0.15886
it 18  dw 1.231e+00 pp 4.92160e-01 er 0.15086
it 19  dw 1.077e+01 pp 4.86680e-01 er 0.13731
it 20  dw 4.335e+00 pp 4.74454e-01 er 0.13236
it 21  dw 2.208e+00 pp 4.68976e-01 er 0.12382
it 22  dw 0.000e+00 pp 4.68976e-01 er 0.12382
-------------------------
it 1 dw 1.599e-01 pp 4.66446e-01 er 0.11816
it 2   dw 4.506e-02 pp 4.64867e-01 er 0.11799
it 3   dw 4.201e-01 pp 4.58536e-01 er 0.11955
it 4   dw 6.286e-01 pp 4.52320e-01 er 0.12063
it 5   dw 3.227e+00 pp 4.40190e-01 er 0.12560
it 6   dw 5.086e+00 pp 4.15367e-01 er 0.12045
it 7   dw 1.254e+00 pp 4.12554e-01 er 0.12028
it 8   dw 3.443e-01 pp 4.11584e-01 er 0.12051
it 9   dw 5.101e-01 pp 4.01440e-01 er 0.11425
it 10  dw 4.837e-01 pp 3.95784e-01 er 0.11409
it 11  dw 1.033e+00 pp 3.94665e-01 er 0.11735
it 12  dw 7.960e-01 pp 3.90017e-01 er 0.11347
it 13  dw 2.994e-01 pp 3.87765e-01 er 0.11248
it 14  dw 1.082e+00 pp 3.86768e-01 er 0.11295
it 15  dw 4.499e-01 pp 3.83546e-01 er 0.10799
it 16  dw 1.726e-01 pp 3.81129e-01 er 0.10839
it 17  dw 3.579e-01 pp 3.81001e-01 er 0.10997
it 18  dw 8.869e-02 pp 3.80794e-01 er 0.10991
it 19  dw 5.322e-01 pp 3.79103e-01 er 0.10522
it 20  dw 4.169e-01 pp 3.74552e-01 er 0.10550
it 21  dw 1.369e-02 pp 3.74551e-01 er 0.10556
it 22  dw 0.000e+00 pp 3.74551e-01 er 0.10556
-------------------------
it 1 dw 1.576e-01 pp 3.72146e-01 er 0.10682
it 2   dw 5.129e-02 pp 3.71116e-01 er 0.10614
it 3   dw 4.731e-01 pp 3.67071e-01 er 0.10434
it 4   dw 6.293e-01 pp 3.64073e-01 er 0.10252
it 5   dw 1.100e+00 pp 3.57179e-01 er 0.09942
it 6   dw 1.142e+00 pp 3.53344e-01 er 0.10068
it 7   dw 1.571e+00 pp 3.52484e-01 er 0.09979
it 8   dw 5.568e-01 pp 3.52080e-01 er 0.09855
it 9   dw 2.048e-01 pp 3.50388e-01 er 0.10021
it 10  dw 2.342e-01 pp 3.49061e-01 er 0.09567
it 11  dw 1.149e+00 pp 3.46262e-01 er 0.10032
it 12  dw 2.407e-01 pp 3.44923e-01 er 0.09609
it 13  dw 1.288e+00 pp 3.42583e-01 er 0.10143
it 14  dw 2.260e-01 pp 3.40660e-01 er 0.09601
it 15  dw 5.066e-01 pp 3.40181e-01 er 0.09592
it 16  dw 2.618e-01 pp 3.37395e-01 er 0.09612
it 17  dw 2.116e-01 pp 3.35390e-01 er 0.09622
it 18  dw 3.920e-01 pp 3.31323e-01 er 0.09171
it 19  dw 1.019e+00 pp 3.27285e-01 er 0.09146
it 20  dw 1.862e+00 pp 3.27092e-01 er 0.09086
it 21  dw 1.436e+00 pp 3.23339e-01 er 0.08873
it 22  dw 6.171e-01 pp 3.18846e-01 er 0.08934
it 23  dw 3.587e-01 pp 3.18362e-01 er 0.08905
it 24  dw 1.962e-01 pp 3.15209e-01 er 0.08966
it 25  dw 7.934e-01 pp 3.12517e-01 er 0.08855
it 26  dw 5.981e-01 pp 3.11436e-01 er 0.08890
it 27  dw 5.992e-01 pp 3.10715e-01 er 0.08961
it 28  dw 8.868e-01 pp 3.05149e-01 er 0.08610
it 29  dw 9.231e-01 pp 3.00362e-01 er 0.08552
it 30  dw 6.558e-01 pp 2.98857e-01 er 0.08954
it 31  dw 4.816e-01 pp 2.98531e-01 er 0.08728
it 32  dw 3.397e-01 pp 2.97501e-01 er 0.08627
it 33  dw 3.215e+00 pp 2.91642e-01 er 0.08592
it 34  dw 6.418e+00 pp 2.90388e-01 er 0.08534
it 35  dw 2.576e+00 pp 2.86515e-01 er 0.08715
it 36  dw 1.240e+00 pp 2.86153e-01 er 0.08720
it 37  dw 1.560e+00 pp 2.83493e-01 er 0.08531
it 38  dw 3.821e+00 pp 2.81991e-01 er 0.08488
it 39  dw 1.465e+01 pp 2.81456e-01 er 0.08435
it 40  dw 2.297e+01 pp 2.81044e-01 er 0.08303
it 41  dw 1.076e+01 pp 2.79846e-01 er 0.08301
it 42  dw 1.156e+01 pp 2.78510e-01 er 0.08282
it 43  dw 1.000e+01 pp 2.77713e-01 er 0.08289
it 44  dw 1.000e+01 pp 2.77008e-01 er 0.08286
it 45  dw 1.000e+00 pp 2.76939e-01 er 0.08286
it 46  dw 9.998e-01 pp 2.76854e-01 er 0.08282
it 47  dw 9.940e-01 pp 2.76735e-01 er 0.08275
it 48  dw 1.483e+00 pp 2.76713e-01 er 0.08242
it 49  dw 4.971e+00 pp 2.76302e-01 er 0.08279
it 50  dw 5.858e+00 pp 2.76238e-01 er 0.08221
it 51  dw 1.412e+00 pp 2.75933e-01 er 0.08173
it 52  dw 3.596e-01 pp 2.75758e-01 er 0.08189
it 53  dw 1.788e-01 pp 2.74465e-01 er 0.08146
it 54  dw 1.746e+00 pp 2.69449e-01 er 0.08050
it 55  dw 7.880e-01 pp 2.68803e-01 er 0.07895
it 56  dw 7.667e-01 pp 2.68592e-01 er 0.07832
it 57  dw 1.002e+00 pp 2.66890e-01 er 0.08237
it 58  dw 1.364e-01 pp 2.66611e-01 er 0.08008
it 59  dw 1.394e+00 pp 2.65954e-01 er 0.07841
it 60  dw 8.226e-01 pp 2.65817e-01 er 0.07838
it 61  dw 1.138e+00 pp 2.65356e-01 er 0.07894
it 62  dw 1.657e+00 pp 2.64553e-01 er 0.07828
it 63  dw 5.468e+00 pp 2.63923e-01 er 0.07795
it 64  dw 7.773e-01 pp 2.63403e-01 er 0.07924
it 65  dw 2.756e-01 pp 2.62769e-01 er 0.07952
it 66  dw 9.586e-01 pp 2.62335e-01 er 0.07891
it 67  dw 7.638e+00 pp 2.60422e-01 er 0.08038
it 68  dw 1.922e+00 pp 2.58533e-01 er 0.07686
it 69  dw 7.185e+00 pp 2.58089e-01 er 0.07766
it 70  dw 9.711e+00 pp 2.56740e-01 er 0.07607
it 71  dw 2.586e+01 pp 2.56546e-01 er 0.07613
it 72  dw 5.474e+00 pp 2.56055e-01 er 0.07657
it 73  dw 0.000e+00 pp 2.56055e-01 er 0.07657
-------------------------
it 1 dw 6.420e-02 pp 2.55629e-01 er 0.07436
it 2   dw 3.715e-02 pp 2.55274e-01 er 0.07449
it 3   dw 2.647e-01 pp 2.54570e-01 er 0.07479
it 4   dw 2.300e-01 pp 2.54089e-01 er 0.07479
it 5   dw 3.476e-01 pp 2.53517e-01 er 0.07646
it 6   dw 4.495e-01 pp 2.52732e-01 er 0.07501
it 7   dw 5.300e-01 pp 2.52366e-01 er 0.07334
it 8   dw 2.405e-01 pp 2.52276e-01 er 0.07359
it 9   dw 2.004e-01 pp 2.52275e-01 er 0.07376
it 10  dw 5.411e-02 pp 2.51319e-01 er 0.07333
it 11  dw 8.755e-01 pp 2.50909e-01 er 0.07134
it 12  dw 0.000e+00 pp 2.50909e-01 er 0.07134
-------------------------
it 1 dw 2.689e-01 pp 2.48079e-01 er 0.07379
it 2   dw 1.041e-01 pp 2.47616e-01 er 0.07258
it 3   dw 2.887e-02 pp 2.47221e-01 er 0.07270
it 4   dw 6.488e-02 pp 2.46925e-01 er 0.07316
it 5   dw 7.557e-02 pp 2.46651e-01 er 0.07314
it 6   dw 6.034e-01 pp 2.45939e-01 er 0.07315
it 7   dw 6.575e-01 pp 2.45196e-01 er 0.07218
it 8   dw 2.975e-01 pp 2.44419e-01 er 0.07204
it 9   dw 2.236e-01 pp 2.43778e-01 er 0.07245
it 10  dw 3.814e-01 pp 2.42760e-01 er 0.07184
it 11  dw 2.555e-01 pp 2.42559e-01 er 0.07254
it 12  dw 7.269e-01 pp 2.41492e-01 er 0.07258
it 13  dw 1.634e-01 pp 2.40121e-01 er 0.07156
it 14  dw 8.657e-01 pp 2.39650e-01 er 0.07101
it 15  dw 1.476e-02 pp 2.39650e-01 er 0.07099
it 16  dw 3.147e-01 pp 2.39248e-01 er 0.07078
it 17  dw 5.117e-01 pp 2.37184e-01 er 0.06686
it 18  dw 2.070e-01 pp 2.35495e-01 er 0.06678
it 19  dw 1.979e-01 pp 2.34551e-01 er 0.06667
it 20  dw 8.865e-01 pp 2.32912e-01 er 0.06802
it 21  dw 6.642e-01 pp 2.28632e-01 er 0.06656
it 22  dw 2.330e-01 pp 2.28592e-01 er 0.06646
it 23  dw 5.257e-01 pp 2.28199e-01 er 0.06551
it 24  dw 5.701e-01 pp 2.27732e-01 er 0.06508
it 25  dw 9.942e-01 pp 2.26811e-01 er 0.06394
it 26  dw 6.992e-01 pp 2.26455e-01 er 0.06469
it 27  dw 4.983e-01 pp 2.25003e-01 er 0.06764
it 28  dw 5.836e-01 pp 2.23460e-01 er 0.06640
it 29  dw 2.986e-01 pp 2.22820e-01 er 0.06629
it 30  dw 7.508e-01 pp 2.21560e-01 er 0.06546
it 31  dw 2.509e-01 pp 2.21061e-01 er 0.06528
it 32  dw 1.363e-01 pp 2.20510e-01 er 0.06430
it 33  dw 9.131e-01 pp 2.19153e-01 er 0.06366
it 34  dw 1.218e+00 pp 2.19121e-01 er 0.06199
it 35  dw 2.043e-01 pp 2.18367e-01 er 0.06258
it 36  dw 4.841e-01 pp 2.15814e-01 er 0.06356
it 37  dw 4.158e-01 pp 2.14980e-01 er 0.06301
it 38  dw 6.815e-01 pp 2.14385e-01 er 0.06313
it 39  dw 1.275e+00 pp 2.14036e-01 er 0.06311
it 40  dw 0.000e+00 pp 2.14036e-01 er 0.06311
-------------------------
it 1 dw 1.857e-01 pp 2.12874e-01 er 0.06075
it 2   dw 1.783e-01 pp 2.11667e-01 er 0.06180
it 3   dw 4.708e-01 pp 2.10267e-01 er 0.06189
it 4   dw 6.907e-01 pp 2.09342e-01 er 0.05975
it 5   dw 2.930e-01 pp 2.08666e-01 er 0.06014
it 6   dw 2.086e-01 pp 2.08267e-01 er 0.06050
it 7   dw 1.417e-01 pp 2.08187e-01 er 0.06066
it 8   dw 7.063e-03 pp 2.08187e-01 er 0.06067
it 9   dw 0.000e+00 pp 2.08187e-01 er 0.06067
-------------------------
it 1 dw 7.822e-02 pp 2.07776e-01 er 0.06159
it 2   dw 1.108e-02 pp 2.07672e-01 er 0.06159
it 3   dw 1.665e-01 pp 2.07422e-01 er 0.06082
it 4   dw 9.273e-02 pp 2.06882e-01 er 0.06043
it 5   dw 6.183e-01 pp 2.06001e-01 er 0.06028
it 6   dw 9.522e-02 pp 2.05296e-01 er 0.06052
it 7   dw 1.489e-01 pp 2.05177e-01 er 0.06050
it 8   dw 2.556e-01 pp 2.05007e-01 er 0.05988
it 9   dw 1.332e-01 pp 2.04559e-01 er 0.05883
it 10  dw 1.899e-01 pp 2.03824e-01 er 0.06021
it 11  dw 8.120e-02 pp 2.03504e-01 er 0.05921
it 12  dw 4.332e-01 pp 2.03289e-01 er 0.06000
it 13  dw 4.639e-01 pp 2.03040e-01 er 0.05908
it 14  dw 4.736e-01 pp 2.02424e-01 er 0.05908
it 15  dw 2.646e-01 pp 2.01872e-01 er 0.05858
it 16  dw 5.694e-01 pp 2.01201e-01 er 0.05979
it 17  dw 4.014e-01 pp 2.00577e-01 er 0.05932
it 18  dw 2.036e-01 pp 2.00124e-01 er 0.05871
it 19  dw 5.346e-01 pp 1.99526e-01 er 0.05806
it 20  dw 5.366e-01 pp 1.99024e-01 er 0.05780
it 21  dw 6.362e-01 pp 1.98381e-01 er 0.05716
it 22  dw 4.360e-01 pp 1.97688e-01 er 0.05832
it 23  dw 2.793e-01 pp 1.97034e-01 er 0.05740
it 24  dw 3.880e-01 pp 1.96383e-01 er 0.05707
it 25  dw 2.310e-01 pp 1.96315e-01 er 0.05760
it 26  dw 1.221e+00 pp 1.95904e-01 er 0.05732
it 27  dw 6.920e-01 pp 1.95670e-01 er 0.05760
it 28  dw 1.348e+00 pp 1.94994e-01 er 0.05737
it 29  dw 9.442e+00 pp 1.94381e-01 er 0.05519
it 30  dw 2.251e+00 pp 1.93863e-01 er 0.05566
it 31  dw 1.199e+01 pp 1.92223e-01 er 0.05607
it 32  dw 2.235e+00 pp 1.92116e-01 er 0.05595
it 33  dw 9.836e-02 pp 1.92112e-01 er 0.05595
it 34  dw 3.431e-01 pp 1.91804e-01 er 0.05665
it 35  dw 1.505e+00 pp 1.91225e-01 er 0.05678
it 36  dw 2.781e+00 pp 1.91054e-01 er 0.05651
it 37  dw 2.395e+00 pp 1.90825e-01 er 0.05623
it 38  dw 3.837e+00 pp 1.90451e-01 er 0.05684
it 39  dw 1.030e+01 pp 1.90275e-01 er 0.05611
it 40  dw 5.485e+00 pp 1.90105e-01 er 0.05678
it 41  dw 6.508e+00 pp 1.89841e-01 er 0.05675
it 42  dw 1.852e+01 pp 1.88760e-01 er 0.05693
it 43  dw 1.230e+00 pp 1.88446e-01 er 0.05664
it 44  dw 1.410e+01 pp 1.87282e-01 er 0.05529
it 45  dw 5.810e+00 pp 1.87116e-01 er 0.05583
it 46  dw 9.951e+00 pp 1.86767e-01 er 0.05499
it 47  dw 4.769e+00 pp 1.86301e-01 er 0.05452
it 48  dw 1.685e+01 pp 1.85619e-01 er 0.05527
it 49  dw 3.060e+01 pp 1.84810e-01 er 0.05584
it 50  dw 2.429e+01 pp 1.83948e-01 er 0.05483
it 51  dw 6.208e+00 pp 1.83908e-01 er 0.05448
it 52  dw 9.061e-01 pp 1.83765e-01 er 0.05448
it 53  dw 0.000e+00 pp 1.83765e-01 er 0.05448
-------------------------
it 1 dw 5.290e-02 pp 1.83549e-01 er 0.05385
it 2   dw 2.764e-02 pp 1.83407e-01 er 0.05388
it 3   dw 4.038e-02 pp 1.83245e-01 er 0.05430
it 4   dw 1.367e-01 pp 1.83046e-01 er 0.05402
it 5   dw 1.849e-01 pp 1.82803e-01 er 0.05448
it 6   dw 8.228e-01 pp 1.82447e-01 er 0.05420
it 7   dw 4.056e-01 pp 1.81708e-01 er 0.05153
it 8   dw 3.635e-01 pp 1.81588e-01 er 0.05359
it 9   dw 5.712e-01 pp 1.80745e-01 er 0.05449
it 10  dw 2.604e-01 pp 1.80397e-01 er 0.05352
it 11  dw 2.718e-01 pp 1.79944e-01 er 0.05319
it 12  dw 4.468e-01 pp 1.79681e-01 er 0.05353
it 13  dw 1.024e-01 pp 1.79146e-01 er 0.05298
it 14  dw 1.044e-01 pp 1.78767e-01 er 0.05317
it 15  dw 1.659e-01 pp 1.78360e-01 er 0.05237
it 16  dw 1.271e+00 pp 1.77819e-01 er 0.05218
it 17  dw 7.512e-01 pp 1.77735e-01 er 0.05241
it 18  dw 2.900e-01 pp 1.77308e-01 er 0.05235
it 19  dw 7.273e-01 pp 1.77061e-01 er 0.05146
it 20  dw 1.104e-01 pp 1.77055e-01 er 0.05181
it 21  dw 0.000e+00 pp 1.77055e-01 er 0.05181
-------------------------
it 1 dw 6.330e-02 pp 1.76760e-01 er 0.05270
it 2   dw 3.277e-02 pp 1.76604e-01 er 0.05257
it 3   dw 4.953e-01 pp 1.75907e-01 er 0.05113
it 4   dw 2.489e-01 pp 1.75332e-01 er 0.05152
it 5   dw 8.870e-01 pp 1.74550e-01 er 0.05127
it 6   dw 3.712e-01 pp 1.74277e-01 er 0.05129
it 7   dw 3.877e-01 pp 1.73870e-01 er 0.05184
it 8   dw 2.371e-01 pp 1.73655e-01 er 0.05085
it 9   dw 3.258e-01 pp 1.73443e-01 er 0.05114
it 10  dw 2.078e-01 pp 1.73380e-01 er 0.05152
it 11  dw 2.679e-01 pp 1.73062e-01 er 0.05089
it 12  dw 1.214e-01 pp 1.72880e-01 er 0.05196
it 13  dw 5.391e-01 pp 1.72602e-01 er 0.05200
it 14  dw 1.396e+00 pp 1.72045e-01 er 0.05045
it 15  dw 6.928e-01 pp 1.71798e-01 er 0.05142
it 16  dw 6.117e-01 pp 1.71771e-01 er 0.05150
it 17  dw 3.605e-01 pp 1.71568e-01 er 0.05129
it 18  dw 7.444e-02 pp 1.71279e-01 er 0.05083
it 19  dw 1.970e-02 pp 1.71279e-01 er 0.05083
it 20  dw 1.054e-01 pp 1.71265e-01 er 0.05078
it 21  dw 8.231e-02 pp 1.71265e-01 er 0.05078
it 22  dw 0.000e+00 pp 1.71265e-01 er 0.05078
