Scanning file...71880 train, 0 dev, 0 test, reading...done
optimizing with lambda = 0
it 1   dw 8.856e-01 pp 1.93150e+00 er 0.44590
it 2   dw 2.613e+00 pp 1.64644e+00 er 0.44590
it 3   dw 8.398e-01 pp 1.43491e+00 er 0.44590
it 4   dw 3.051e-01 pp 1.40890e+00 er 0.44590
it 5   dw 1.428e-01 pp 1.38447e+00 er 0.44590
it 6   dw 1.068e+00 pp 1.30374e+00 er 0.44590
it 7   dw 3.464e+00 pp 1.27181e+00 er 0.38719
it 8   dw 1.089e+00 pp 1.20695e+00 er 0.38719
it 9   dw 1.750e+00 pp 1.17408e+00 er 0.38719
it 10  dw 1.742e+00 pp 1.17128e+00 er 0.38719
it 11  dw 0.000e+00 pp 1.17128e+00 er 0.38719
-------------------------
it 1 dw 1.470e-01 pp 1.16626e+00 er 0.38719
it 2   dw 5.847e-02 pp 1.16352e+00 er 0.38719
it 3   dw 1.370e-01 pp 1.15797e+00 er 0.38719
it 4   dw 1.554e-01 pp 1.15475e+00 er 0.38719
it 5   dw 4.229e-01 pp 1.14945e+00 er 0.38719
it 6   dw 1.198e+00 pp 1.13591e+00 er 0.38719
it 7   dw 5.244e+00 pp 1.11055e+00 er 0.38247
it 8   dw 4.076e-01 pp 1.10905e+00 er 0.38247
it 9   dw 2.093e+00 pp 1.10405e+00 er 0.38247
it 10  dw 2.423e+00 pp 1.10132e+00 er 0.38247
it 11  dw 3.327e+00 pp 1.08786e+00 er 0.38247
it 12  dw 1.177e+00 pp 1.08268e+00 er 0.37366
it 13  dw 1.471e+00 pp 1.07847e+00 er 0.37366
it 14  dw 3.007e+00 pp 1.07673e+00 er 0.37657
it 15  dw 2.152e+00 pp 1.07011e+00 er 0.37366
it 16  dw 1.984e+00 pp 1.06916e+00 er 0.37366
it 17  dw 2.737e+00 pp 1.06424e+00 er 0.37366
it 18  dw 7.844e-01 pp 1.06382e+00 er 0.37366
it 19  dw 4.764e+00 pp 1.05758e+00 er 0.37366
it 20  dw 2.190e+01 pp 1.05382e+00 er 0.37366
it 21  dw 0.000e+00 pp 1.05382e+00 er 0.37366
-------------------------
it 1 dw 2.127e-01 pp 1.05061e+00 er 0.37366
it 2   dw 8.213e-02 pp 1.04872e+00 er 0.37366
it 3   dw 9.691e-02 pp 1.04816e+00 er 0.37366
it 4   dw 6.540e-02 pp 1.04751e+00 er 0.37366
it 5   dw 0.000e+00 pp 1.04751e+00 er 0.37366
-------------------------
it 1 dw 1.017e-01 pp 1.04599e+00 er 0.37234
it 2   dw 3.369e-02 pp 1.04524e+00 er 0.37234
it 3   dw 1.093e-01 pp 1.04481e+00 er 0.37234
it 4   dw 8.117e-02 pp 1.04344e+00 er 0.37234
it 5   dw 0.000e+00 pp 1.04344e+00 er 0.37234
-------------------------
it 1 dw 2.559e-01 pp 1.03807e+00 er 0.37226
it 2   dw 6.371e-02 pp 1.03335e+00 er 0.37094
it 3   dw 2.957e-01 pp 1.02827e+00 er 0.37094
it 4   dw 2.765e-01 pp 1.02328e+00 er 0.37094
it 5   dw 5.018e-01 pp 1.01810e+00 er 0.37094
it 6   dw 2.158e-01 pp 1.01736e+00 er 0.37094
it 7   dw 1.224e-03 pp 1.01736e+00 er 0.37094
it 8   dw 3.241e-01 pp 1.01211e+00 er 0.36991
it 9   dw 6.300e-01 pp 1.00360e+00 er 0.36991
it 10  dw 2.140e-01 pp 1.00254e+00 er 0.36693
it 11  dw 9.821e-01 pp 9.96380e-01 er 0.36697
it 12  dw 8.428e-01 pp 9.94530e-01 er 0.36796
it 13  dw 1.437e+00 pp 9.85608e-01 er 0.36503
it 14  dw 5.567e-01 pp 9.82607e-01 er 0.36503
it 15  dw 1.028e+00 pp 9.78959e-01 er 0.36693
it 16  dw 9.669e-01 pp 9.75347e-01 er 0.36498
it 17  dw 6.273e-01 pp 9.69333e-01 er 0.36191
it 18  dw 2.124e-01 pp 9.69151e-01 er 0.36299
it 19  dw 2.342e+00 pp 9.66830e-01 er 0.36191
it 20  dw 0.000e+00 pp 9.66830e-01 er 0.36191
-------------------------
it 1 dw 6.987e-02 pp 9.65904e-01 er 0.36100
it 2   dw 9.058e-03 pp 9.65544e-01 er 0.36195
it 3   dw 1.191e-01 pp 9.65014e-01 er 0.36191
it 4   dw 5.849e-02 pp 9.63525e-01 er 0.36195
it 5   dw 1.973e-01 pp 9.62594e-01 er 0.35796
it 6   dw 4.137e-02 pp 9.62557e-01 er 0.35758
it 7   dw 4.838e-02 pp 9.61239e-01 er 0.35796
it 8   dw 0.000e+00 pp 9.61239e-01 er 0.35796
-------------------------
it 1 dw 5.412e-02 pp 9.60641e-01 er 0.36195
it 2   dw 1.917e-02 pp 9.60104e-01 er 0.36195
it 3   dw 2.322e-01 pp 9.58830e-01 er 0.35629
it 4   dw 1.828e-01 pp 9.57253e-01 er 0.35643
it 5   dw 1.035e+00 pp 9.53503e-01 er 0.35796
it 6   dw 3.274e-01 pp 9.52981e-01 er 0.35796
it 7   dw 9.910e-01 pp 9.45854e-01 er 0.35362
it 8   dw 1.084e+00 pp 9.40313e-01 er 0.35366
it 9   dw 4.017e-01 pp 9.38895e-01 er 0.35188
it 10  dw 7.530e-01 pp 9.35129e-01 er 0.35118
it 11  dw 9.585e-01 pp 9.29745e-01 er 0.34243
it 12  dw 1.704e+00 pp 9.23649e-01 er 0.34480
it 13  dw 1.581e+00 pp 9.16507e-01 er 0.34452
it 14  dw 1.026e-01 pp 9.15561e-01 er 0.34488
it 15  dw 2.706e-01 pp 9.09402e-01 er 0.34092
it 16  dw 0.000e+00 pp 9.09402e-01 er 0.34092
-------------------------
it 1 dw 2.019e-01 pp 9.07506e-01 er 0.34313
it 2   dw 9.287e-02 pp 9.06353e-01 er 0.34035
it 3   dw 5.895e-02 pp 9.06088e-01 er 0.33969
it 4   dw 6.997e-02 pp 9.05929e-01 er 0.34026
it 5   dw 3.958e-02 pp 9.05743e-01 er 0.34026
it 6   dw 3.607e-02 pp 9.05680e-01 er 0.33897
it 7   dw 5.856e-02 pp 9.05453e-01 er 0.33706
it 8   dw 5.929e-02 pp 9.05232e-01 er 0.33897
it 9   dw 8.014e-02 pp 9.04939e-01 er 0.33742
it 10  dw 3.692e-02 pp 9.04321e-01 er 0.33804
it 11  dw 2.205e-01 pp 9.03791e-01 er 0.33742
it 12  dw 1.206e-01 pp 9.02862e-01 er 0.34026
it 13  dw 2.328e-01 pp 9.02715e-01 er 0.33913
it 14  dw 4.847e-01 pp 9.02183e-01 er 0.33897
it 15  dw 1.928e-01 pp 9.00926e-01 er 0.33886
it 16  dw 2.467e-01 pp 9.00895e-01 er 0.33969
it 17  dw 6.655e-01 pp 8.98789e-01 er 0.33984
it 18  dw 2.308e-01 pp 8.98093e-01 er 0.33760
it 19  dw 4.134e-01 pp 8.97196e-01 er 0.33822
it 20  dw 8.119e-02 pp 8.95270e-01 er 0.33623
it 21  dw 6.893e-01 pp 8.93807e-01 er 0.33623
it 22  dw 4.043e-01 pp 8.92068e-01 er 0.33742
it 23  dw 8.059e-01 pp 8.90984e-01 er 0.33623
it 24  dw 1.181e+00 pp 8.87818e-01 er 0.33415
it 25  dw 1.567e+00 pp 8.85030e-01 er 0.33706
it 26  dw 1.782e+00 pp 8.81384e-01 er 0.33517
it 27  dw 5.326e-01 pp 8.80258e-01 er 0.33415
it 28  dw 7.555e-01 pp 8.78457e-01 er 0.33659
it 29  dw 5.115e-01 pp 8.76266e-01 er 0.32983
it 30  dw 3.701e-01 pp 8.75895e-01 er 0.32955
it 31  dw 1.246e+00 pp 8.75042e-01 er 0.33706
it 32  dw 8.459e-01 pp 8.72592e-01 er 0.33226
it 33  dw 3.061e-01 pp 8.71177e-01 er 0.33136
it 34  dw 3.169e-01 pp 8.70716e-01 er 0.33262
it 35  dw 1.392e+00 pp 8.69459e-01 er 0.33114
it 36  dw 1.053e-01 pp 8.69329e-01 er 0.33464
it 37  dw 1.339e-01 pp 8.66540e-01 er 0.33016
it 38  dw 0.000e+00 pp 8.66540e-01 er 0.33016
-------------------------
it 1 dw 7.002e-02 pp 8.65924e-01 er 0.32628
it 2   dw 1.594e-02 pp 8.65590e-01 er 0.32851
it 3   dw 4.704e-02 pp 8.65243e-01 er 0.33205
it 4   dw 4.827e-02 pp 8.64883e-01 er 0.33205
it 5   dw 0.000e+00 pp 8.64883e-01 er 0.33205
-------------------------
it 1 dw 7.426e-02 pp 8.64562e-01 er 0.32519
it 2   dw 1.980e-02 pp 8.64178e-01 er 0.32628
it 3   dw 4.098e-02 pp 8.63950e-01 er 0.33036
it 4   dw 1.991e-02 pp 8.63689e-01 er 0.33036
it 5   dw 2.919e-01 pp 8.63645e-01 er 0.33464
it 6   dw 0.000e+00 pp 8.63645e-01 er 0.33464
